#
# A fatal error has been detected by the Java Runtime Environment:
#
#  Internal Error (t:/workspace/open/src/hotspot/os_cpu/windows_x86/os_windows_x86.cpp:145), pid=10048, tid=12976
#  guarantee(result == EXCEPTION_CONTINUE_EXECUTION) failed: Unexpected result from topLevelExceptionFilter
#
# JRE version: OpenJDK Runtime Environment (11.0+28) (build 11+28)
# Java VM: OpenJDK 64-Bit Server VM (11+28, mixed mode, tiered, compressed oops, g1 gc, windows-amd64)
# No core dump will be written. Minidumps are not enabled by default on client versions of Windows
#
# If you would like to submit a bug report, please visit:
#   http://bugreport.java.com/bugreport/crash.jsp
# The crash happened outside the Java Virtual Machine in native code.
# See problematic frame for where to report the bug.
#

---------------  S U M M A R Y ------------

Command Line: -Dfile.encoding=UTF8 -ea -Xmx1024m 

Host: Intel(R) Core(TM) i7-9700 CPU @ 3.00GHz, 8 cores, 15G,  Windows 10 , 64 bit Build 19041 (10.0.19041.1202)
Time: Mon Oct 18 10:28:34 2021 대한민국 표준시 elapsed time: 0 seconds (0d 0h 0m 0s)

---------------  T H R E A D  ---------------

Current thread (0x000001a2b31b3000):  JavaThread "Python Reference Queue" daemon [_thread_in_native, id=12976, stack(0x00000059938b0000,0x0000005993aa0000)]

Stack: [0x00000059938b0000,0x0000005993aa0000]
Native frames: (J=compiled Java code, j=interpreted, Vv=VM code, C=native code)
C  0x00007ffa2efbadaa
C  0x00007ffa2f0f852f
C  0x00007ffa2f0f9b18
C  0x00007ffa2f0fa187
C  0x00007ffa2ebe241c
C  0x00007ffa2efba89c
C  [ntdll.dll+0xa20cf]
C  [ntdll.dll+0x51454]
C  [ntdll.dll+0xa0bfe]
C  0x00007ffa328d735d
C  0x00007ffa328d7392
C  0x00007ffa32803884
C  0x00007ffa32806393
C  0x00007ffa329a48eb
C  [python38.dll+0x16bd9]  dict_dealloc+0x239  (dictobject.c:1990)
C  [python38.dll+0x924e8]  subtype_clear+0xa8  (typeobject.c:1143)
C  [python38.dll+0x90ce0]  delete_garbage+0x50  (gcmodule.c:949)
C  [python38.dll+0x9042d]  collect+0x165  (gcmodule.c:1128)
C  [python38.dll+0x8f18d]  collect_with_callback+0x45  (gcmodule.c:1241)
C  [python38.dll+0xf64c3]  PyGC_Collect+0x63  (gcmodule.c:1834)
C  0x00007ffa2f66bec0  Java_jpype_ref_JPypeReferenceQueue_wake+0x40  (jp_reference_queue.cpp:60)
C  0x000001a29d9bf037

Java frames: (J=compiled Java code, j=interpreted, Vv=VM code)
j  org.jpype.ref.JPypeReferenceQueue.wake(J)V+0
j  org.jpype.ref.JPypeReferenceQueue$Worker.run()V+49
j  java.lang.Thread.run()V+11 java.base@11
v  ~StubRoutines::call_stub

---------------  P R O C E S S  ---------------

Threads class SMR info:
_java_thread_list=0x000001a2b32847a0, length=14, elements={
0x000001a2f9e80800, 0x000001a2f9e81000, 0x000001a2f9e7b800, 0x000001a2f9e7f000,
0x000001a2f9e7f800, 0x000001a292bdd000, 0x000001a292be0000, 0x000001a2f9e82000,
0x000001a2f9e7c800, 0x000001a2f9e83000, 0x000001a2b31b3000, 0x000001a2b3290800,
0x000001a2b32c0800, 0x000001a2b31b7000
}

Java Threads: ( => current thread )
  0x000001a2f9e80800 JavaThread "main" [_thread_in_Java, id=8820, stack(0x0000005990a30000,0x0000005990c20000)]
  0x000001a2f9e81000 JavaThread "Reference Handler" daemon [_thread_blocked, id=3152, stack(0x0000005992550000,0x0000005992740000)]
  0x000001a2f9e7b800 JavaThread "Finalizer" daemon [_thread_blocked, id=10488, stack(0x0000005992740000,0x0000005992930000)]
  0x000001a2f9e7f000 JavaThread "Signal Dispatcher" daemon [_thread_blocked, id=13536, stack(0x0000005992930000,0x0000005992b20000)]
  0x000001a2f9e7f800 JavaThread "Attach Listener" daemon [_thread_blocked, id=9112, stack(0x0000005992b20000,0x0000005992d10000)]
  0x000001a292bdd000 JavaThread "C2 CompilerThread0" daemon [_thread_in_native, id=6756, stack(0x0000005992d10000,0x0000005992f00000)]
  0x000001a292be0000 JavaThread "C1 CompilerThread0" daemon [_thread_in_vm, id=13300, stack(0x0000005992f00000,0x00000059930f0000)]
  0x000001a2f9e82000 JavaThread "Sweeper thread" daemon [_thread_blocked, id=12916, stack(0x00000059930f0000,0x00000059932e0000)]
  0x000001a2f9e7c800 JavaThread "Service Thread" daemon [_thread_blocked, id=5196, stack(0x00000059932e0000,0x00000059934d0000)]
  0x000001a2f9e83000 JavaThread "Common-Cleaner" daemon [_thread_blocked, id=4364, stack(0x00000059936c0000,0x00000059938b0000)]
=>0x000001a2b31b3000 JavaThread "Python Reference Queue" daemon [_thread_in_native, id=12976, stack(0x00000059938b0000,0x0000005993aa0000)]
  0x000001a2b3290800 JavaThread "C2 CompilerThread1" daemon [_thread_in_native, id=12512, stack(0x0000005994450000,0x0000005994640000)]
  0x000001a2b32c0800 JavaThread "C2 CompilerThread2" daemon [_thread_in_native, id=13716, stack(0x0000005994640000,0x0000005994830000)]
  0x000001a2b31b7000 JavaThread "DestroyJavaVM" [_thread_blocked, id=9244, stack(0x000000598d200000,0x000000598d3f0000)]

Other Threads:
  0x000001a2ff3a4000 VMThread "VM Thread" [stack: 0x0000005992360000,0x0000005992550000] [id=14112]
  0x000001a2b2e01000 WatcherThread [stack: 0x00000059934d0000,0x00000059936c0000] [id=2388]
  0x000001a2929f9000 GCTaskThread "GC Thread#0" [stack: 0x00000059919b0000,0x0000005991ba0000] [id=13496]
  0x000001a2b3266800 GCTaskThread "GC Thread#1" [stack: 0x0000005993aa0000,0x0000005993c90000] [id=11200]
  0x000001a2b3267800 GCTaskThread "GC Thread#2" [stack: 0x0000005993c90000,0x0000005993e80000] [id=1800]
  0x000001a2b3268000 GCTaskThread "GC Thread#3" [stack: 0x0000005993e80000,0x0000005994070000] [id=7316]
  0x000001a2ff39d800 GCTaskThread "GC Thread#4" [stack: 0x0000005994070000,0x0000005994260000] [id=404]
  0x000001a2ff3a4800 GCTaskThread "GC Thread#5" [stack: 0x0000005994260000,0x0000005994450000] [id=10696]
  0x000001a292a03800 ConcurrentGCThread "G1 Main Marker" [stack: 0x0000005991ba0000,0x0000005991d90000] [id=5772]
  0x000001a292a04800 ConcurrentGCThread "G1 Conc#0" [stack: 0x0000005991d90000,0x0000005991f80000] [id=2516]
  0x000001a2ff3a5800 ConcurrentGCThread "G1 Conc#1" [stack: 0x0000005994830000,0x0000005994a20000] [id=11248]
  0x000001a292b2b800 ConcurrentGCThread "G1 Refine#0" [stack: 0x0000005991f80000,0x0000005992170000] [id=5752]
  0x000001a292b2c000 ConcurrentGCThread "G1 Young RemSet Sampling" [stack: 0x0000005992170000,0x0000005992360000] [id=7064]

Threads with active compile tasks:
C2 CompilerThread0 676       4       jdk.internal.jimage.ImageLocation::getFullName (109 bytes)
C2 CompilerThread1 881       4       java.lang.StringLatin1::replace (196 bytes)
C2 CompilerThread2 720       4       jdk.internal.jimage.ImageReader$SharedImageReader::lambda$handleModulesSubTree$1 (43 bytes)

VM state:not at safepoint (normal execution)

VM Mutex/Monitor currently owned by a thread: None

Heap address: 0x00000000c0000000, size: 1024 MB, Compressed Oops mode: 32-bit
Narrow klass base: 0x0000000000000000, Narrow klass shift: 3
Compressed class space size: 1073741824 Address: 0x0000000100000000

Heap:
 garbage-first heap   total 140288K, used 9713K [0x00000000c0000000, 0x0000000100000000)
  region size 1024K, 5 young (5120K), 1 survivors (1024K)
 Metaspace       used 9153K, capacity 9307K, committed 9344K, reserved 1058816K
  class space    used 800K, capacity 881K, committed 896K, reserved 1048576K
Heap Regions: E=young(eden), S=young(survivor), O=old, HS=humongous(starts), HC=humongous(continues), CS=collection set, F=free, A=archive, TAMS=top-at-mark-start (previous, next)
|   0|0x00000000c0000000, 0x00000000c0038778, 0x00000000c0100000| 22%| O|  |TAMS 0x00000000c0038778, 0x00000000c0000000| Untracked 
|   1|0x00000000c0100000, 0x00000000c0169a58, 0x00000000c0200000| 41%| O|  |TAMS 0x00000000c0169a58, 0x00000000c0100000| Untracked 
|   2|0x00000000c0200000, 0x00000000c0244908, 0x00000000c0300000| 26%| O|  |TAMS 0x00000000c0244908, 0x00000000c0200000| Untracked 
|   3|0x00000000c0300000, 0x00000000c03700d0, 0x00000000c0400000| 43%| O|  |TAMS 0x00000000c03700d0, 0x00000000c0300000| Untracked 
|   4|0x00000000c0400000, 0x00000000c042a338, 0x00000000c0500000| 16%| O|  |TAMS 0x00000000c042a338, 0x00000000c0400000| Untracked 
|   5|0x00000000c0500000, 0x00000000c0559c00, 0x00000000c0600000| 35%| O|  |TAMS 0x00000000c0559c00, 0x00000000c0500000| Untracked 
|   6|0x00000000c0600000, 0x00000000c0700000, 0x00000000c0700000|100%| O|  |TAMS 0x00000000c0700000, 0x00000000c0600000| Untracked 
|   7|0x00000000c0700000, 0x00000000c0800000, 0x00000000c0800000|100%| O|  |TAMS 0x00000000c0800000, 0x00000000c0700000| Untracked 
|   8|0x00000000c0800000, 0x00000000c0900000, 0x00000000c0900000|100%| O|  |TAMS 0x00000000c0900000, 0x00000000c0800000| Untracked 
|   9|0x00000000c0900000, 0x00000000c09a1c00, 0x00000000c0a00000| 63%| O|  |TAMS 0x00000000c09a1c00, 0x00000000c0900000| Untracked 
|  10|0x00000000c0a00000, 0x00000000c0a00000, 0x00000000c0b00000|  0%| F|  |TAMS 0x00000000c0a00000, 0x00000000c0a00000| Untracked 
|  11|0x00000000c0b00000, 0x00000000c0b00000, 0x00000000c0c00000|  0%| F|  |TAMS 0x00000000c0b00000, 0x00000000c0b00000| Untracked 
|  12|0x00000000c0c00000, 0x00000000c0c00000, 0x00000000c0d00000|  0%| F|  |TAMS 0x00000000c0c00000, 0x00000000c0c00000| Untracked 
|  13|0x00000000c0d00000, 0x00000000c0e00000, 0x00000000c0e00000|100%| S|CS|TAMS 0x00000000c0d00000, 0x00000000c0d00000| Complete 
|  14|0x00000000c0e00000, 0x00000000c0e00000, 0x00000000c0f00000|  0%| F|  |TAMS 0x00000000c0e00000, 0x00000000c0e00000| Untracked 
|  15|0x00000000c0f00000, 0x00000000c0f00000, 0x00000000c1000000|  0%| F|  |TAMS 0x00000000c0f00000, 0x00000000c0f00000| Untracked 
|  16|0x00000000c1000000, 0x00000000c1000000, 0x00000000c1100000|  0%| F|  |TAMS 0x00000000c1000000, 0x00000000c1000000| Untracked 
|  17|0x00000000c1100000, 0x00000000c1100000, 0x00000000c1200000|  0%| F|  |TAMS 0x00000000c1100000, 0x00000000c1100000| Untracked 
|  18|0x00000000c1200000, 0x00000000c1200000, 0x00000000c1300000|  0%| F|  |TAMS 0x00000000c1200000, 0x00000000c1200000| Untracked 
|  19|0x00000000c1300000, 0x00000000c1300000, 0x00000000c1400000|  0%| F|  |TAMS 0x00000000c1300000, 0x00000000c1300000| Untracked 
|  20|0x00000000c1400000, 0x00000000c1400000, 0x00000000c1500000|  0%| F|  |TAMS 0x00000000c1400000, 0x00000000c1400000| Untracked 
|  21|0x00000000c1500000, 0x00000000c1500000, 0x00000000c1600000|  0%| F|  |TAMS 0x00000000c1500000, 0x00000000c1500000| Untracked 
|  22|0x00000000c1600000, 0x00000000c1600000, 0x00000000c1700000|  0%| F|  |TAMS 0x00000000c1600000, 0x00000000c1600000| Untracked 
|  23|0x00000000c1700000, 0x00000000c1700000, 0x00000000c1800000|  0%| F|  |TAMS 0x00000000c1700000, 0x00000000c1700000| Untracked 
|  24|0x00000000c1800000, 0x00000000c1800000, 0x00000000c1900000|  0%| F|  |TAMS 0x00000000c1800000, 0x00000000c1800000| Untracked 
|  25|0x00000000c1900000, 0x00000000c1900000, 0x00000000c1a00000|  0%| F|  |TAMS 0x00000000c1900000, 0x00000000c1900000| Untracked 
|  26|0x00000000c1a00000, 0x00000000c1a00000, 0x00000000c1b00000|  0%| F|  |TAMS 0x00000000c1a00000, 0x00000000c1a00000| Untracked 
|  27|0x00000000c1b00000, 0x00000000c1b00000, 0x00000000c1c00000|  0%| F|  |TAMS 0x00000000c1b00000, 0x00000000c1b00000| Untracked 
|  28|0x00000000c1c00000, 0x00000000c1c00000, 0x00000000c1d00000|  0%| F|  |TAMS 0x00000000c1c00000, 0x00000000c1c00000| Untracked 
|  29|0x00000000c1d00000, 0x00000000c1d00000, 0x00000000c1e00000|  0%| F|  |TAMS 0x00000000c1d00000, 0x00000000c1d00000| Untracked 
|  30|0x00000000c1e00000, 0x00000000c1e00000, 0x00000000c1f00000|  0%| F|  |TAMS 0x00000000c1e00000, 0x00000000c1e00000| Untracked 
|  31|0x00000000c1f00000, 0x00000000c1f00000, 0x00000000c2000000|  0%| F|  |TAMS 0x00000000c1f00000, 0x00000000c1f00000| Untracked 
|  32|0x00000000c2000000, 0x00000000c2000000, 0x00000000c2100000|  0%| F|  |TAMS 0x00000000c2000000, 0x00000000c2000000| Untracked 
|  33|0x00000000c2100000, 0x00000000c2100000, 0x00000000c2200000|  0%| F|  |TAMS 0x00000000c2100000, 0x00000000c2100000| Untracked 
|  34|0x00000000c2200000, 0x00000000c2200000, 0x00000000c2300000|  0%| F|  |TAMS 0x00000000c2200000, 0x00000000c2200000| Untracked 
|  35|0x00000000c2300000, 0x00000000c2300000, 0x00000000c2400000|  0%| F|  |TAMS 0x00000000c2300000, 0x00000000c2300000| Untracked 
|  36|0x00000000c2400000, 0x00000000c2400000, 0x00000000c2500000|  0%| F|  |TAMS 0x00000000c2400000, 0x00000000c2400000| Untracked 
|  37|0x00000000c2500000, 0x00000000c2500000, 0x00000000c2600000|  0%| F|  |TAMS 0x00000000c2500000, 0x00000000c2500000| Untracked 
|  38|0x00000000c2600000, 0x00000000c2600000, 0x00000000c2700000|  0%| F|  |TAMS 0x00000000c2600000, 0x00000000c2600000| Untracked 
|  39|0x00000000c2700000, 0x00000000c2700000, 0x00000000c2800000|  0%| F|  |TAMS 0x00000000c2700000, 0x00000000c2700000| Untracked 
|  40|0x00000000c2800000, 0x00000000c2800000, 0x00000000c2900000|  0%| F|  |TAMS 0x00000000c2800000, 0x00000000c2800000| Untracked 
|  41|0x00000000c2900000, 0x00000000c2900000, 0x00000000c2a00000|  0%| F|  |TAMS 0x00000000c2900000, 0x00000000c2900000| Untracked 
|  42|0x00000000c2a00000, 0x00000000c2a00000, 0x00000000c2b00000|  0%| F|  |TAMS 0x00000000c2a00000, 0x00000000c2a00000| Untracked 
|  43|0x00000000c2b00000, 0x00000000c2b00000, 0x00000000c2c00000|  0%| F|  |TAMS 0x00000000c2b00000, 0x00000000c2b00000| Untracked 
|  44|0x00000000c2c00000, 0x00000000c2c00000, 0x00000000c2d00000|  0%| F|  |TAMS 0x00000000c2c00000, 0x00000000c2c00000| Untracked 
|  45|0x00000000c2d00000, 0x00000000c2d00000, 0x00000000c2e00000|  0%| F|  |TAMS 0x00000000c2d00000, 0x00000000c2d00000| Untracked 
|  46|0x00000000c2e00000, 0x00000000c2e00000, 0x00000000c2f00000|  0%| F|  |TAMS 0x00000000c2e00000, 0x00000000c2e00000| Untracked 
|  47|0x00000000c2f00000, 0x00000000c2f00000, 0x00000000c3000000|  0%| F|  |TAMS 0x00000000c2f00000, 0x00000000c2f00000| Untracked 
|  48|0x00000000c3000000, 0x00000000c3000000, 0x00000000c3100000|  0%| F|  |TAMS 0x00000000c3000000, 0x00000000c3000000| Untracked 
|  49|0x00000000c3100000, 0x00000000c3100000, 0x00000000c3200000|  0%| F|  |TAMS 0x00000000c3100000, 0x00000000c3100000| Untracked 
|  50|0x00000000c3200000, 0x00000000c3200000, 0x00000000c3300000|  0%| F|  |TAMS 0x00000000c3200000, 0x00000000c3200000| Untracked 
|  51|0x00000000c3300000, 0x00000000c3300000, 0x00000000c3400000|  0%| F|  |TAMS 0x00000000c3300000, 0x00000000c3300000| Untracked 
|  52|0x00000000c3400000, 0x00000000c3400000, 0x00000000c3500000|  0%| F|  |TAMS 0x00000000c3400000, 0x00000000c3400000| Untracked 
|  53|0x00000000c3500000, 0x00000000c3500000, 0x00000000c3600000|  0%| F|  |TAMS 0x00000000c3500000, 0x00000000c3500000| Untracked 
|  54|0x00000000c3600000, 0x00000000c3600000, 0x00000000c3700000|  0%| F|  |TAMS 0x00000000c3600000, 0x00000000c3600000| Untracked 
|  55|0x00000000c3700000, 0x00000000c3700000, 0x00000000c3800000|  0%| F|  |TAMS 0x00000000c3700000, 0x00000000c3700000| Untracked 
|  56|0x00000000c3800000, 0x00000000c3800000, 0x00000000c3900000|  0%| F|  |TAMS 0x00000000c3800000, 0x00000000c3800000| Untracked 
|  57|0x00000000c3900000, 0x00000000c3900000, 0x00000000c3a00000|  0%| F|  |TAMS 0x00000000c3900000, 0x00000000c3900000| Untracked 
|  58|0x00000000c3a00000, 0x00000000c3a00000, 0x00000000c3b00000|  0%| F|  |TAMS 0x00000000c3a00000, 0x00000000c3a00000| Untracked 
|  59|0x00000000c3b00000, 0x00000000c3b00000, 0x00000000c3c00000|  0%| F|  |TAMS 0x00000000c3b00000, 0x00000000c3b00000| Untracked 
|  60|0x00000000c3c00000, 0x00000000c3c00000, 0x00000000c3d00000|  0%| F|  |TAMS 0x00000000c3c00000, 0x00000000c3c00000| Untracked 
|  61|0x00000000c3d00000, 0x00000000c3d00000, 0x00000000c3e00000|  0%| F|  |TAMS 0x00000000c3d00000, 0x00000000c3d00000| Untracked 
|  62|0x00000000c3e00000, 0x00000000c3e00000, 0x00000000c3f00000|  0%| F|  |TAMS 0x00000000c3e00000, 0x00000000c3e00000| Untracked 
|  63|0x00000000c3f00000, 0x00000000c3f00000, 0x00000000c4000000|  0%| F|  |TAMS 0x00000000c3f00000, 0x00000000c3f00000| Untracked 
|  64|0x00000000c4000000, 0x00000000c4000000, 0x00000000c4100000|  0%| F|  |TAMS 0x00000000c4000000, 0x00000000c4000000| Untracked 
|  65|0x00000000c4100000, 0x00000000c4100000, 0x00000000c4200000|  0%| F|  |TAMS 0x00000000c4100000, 0x00000000c4100000| Untracked 
|  66|0x00000000c4200000, 0x00000000c4200000, 0x00000000c4300000|  0%| F|  |TAMS 0x00000000c4200000, 0x00000000c4200000| Untracked 
|  67|0x00000000c4300000, 0x00000000c4300000, 0x00000000c4400000|  0%| F|  |TAMS 0x00000000c4300000, 0x00000000c4300000| Untracked 
|  68|0x00000000c4400000, 0x00000000c4400000, 0x00000000c4500000|  0%| F|  |TAMS 0x00000000c4400000, 0x00000000c4400000| Untracked 
|  69|0x00000000c4500000, 0x00000000c4500000, 0x00000000c4600000|  0%| F|  |TAMS 0x00000000c4500000, 0x00000000c4500000| Untracked 
|  70|0x00000000c4600000, 0x00000000c4600000, 0x00000000c4700000|  0%| F|  |TAMS 0x00000000c4600000, 0x00000000c4600000| Untracked 
|  71|0x00000000c4700000, 0x00000000c4700000, 0x00000000c4800000|  0%| F|  |TAMS 0x00000000c4700000, 0x00000000c4700000| Untracked 
|  72|0x00000000c4800000, 0x00000000c4800000, 0x00000000c4900000|  0%| F|  |TAMS 0x00000000c4800000, 0x00000000c4800000| Untracked 
|  73|0x00000000c4900000, 0x00000000c4900000, 0x00000000c4a00000|  0%| F|  |TAMS 0x00000000c4900000, 0x00000000c4900000| Untracked 
|  74|0x00000000c4a00000, 0x00000000c4a00000, 0x00000000c4b00000|  0%| F|  |TAMS 0x00000000c4a00000, 0x00000000c4a00000| Untracked 
|  75|0x00000000c4b00000, 0x00000000c4b00000, 0x00000000c4c00000|  0%| F|  |TAMS 0x00000000c4b00000, 0x00000000c4b00000| Untracked 
|  76|0x00000000c4c00000, 0x00000000c4c00000, 0x00000000c4d00000|  0%| F|  |TAMS 0x00000000c4c00000, 0x00000000c4c00000| Untracked 
|  77|0x00000000c4d00000, 0x00000000c4d00000, 0x00000000c4e00000|  0%| F|  |TAMS 0x00000000c4d00000, 0x00000000c4d00000| Untracked 
|  78|0x00000000c4e00000, 0x00000000c4e00000, 0x00000000c4f00000|  0%| F|  |TAMS 0x00000000c4e00000, 0x00000000c4e00000| Untracked 
|  79|0x00000000c4f00000, 0x00000000c4f00000, 0x00000000c5000000|  0%| F|  |TAMS 0x00000000c4f00000, 0x00000000c4f00000| Untracked 
|  80|0x00000000c5000000, 0x00000000c5000000, 0x00000000c5100000|  0%| F|  |TAMS 0x00000000c5000000, 0x00000000c5000000| Untracked 
|  81|0x00000000c5100000, 0x00000000c5100000, 0x00000000c5200000|  0%| F|  |TAMS 0x00000000c5100000, 0x00000000c5100000| Untracked 
|  82|0x00000000c5200000, 0x00000000c5200000, 0x00000000c5300000|  0%| F|  |TAMS 0x00000000c5200000, 0x00000000c5200000| Untracked 
|  83|0x00000000c5300000, 0x00000000c5300000, 0x00000000c5400000|  0%| F|  |TAMS 0x00000000c5300000, 0x00000000c5300000| Untracked 
|  84|0x00000000c5400000, 0x00000000c5400000, 0x00000000c5500000|  0%| F|  |TAMS 0x00000000c5400000, 0x00000000c5400000| Untracked 
|  85|0x00000000c5500000, 0x00000000c5500000, 0x00000000c5600000|  0%| F|  |TAMS 0x00000000c5500000, 0x00000000c5500000| Untracked 
|  86|0x00000000c5600000, 0x00000000c5600000, 0x00000000c5700000|  0%| F|  |TAMS 0x00000000c5600000, 0x00000000c5600000| Untracked 
|  87|0x00000000c5700000, 0x00000000c5700000, 0x00000000c5800000|  0%| F|  |TAMS 0x00000000c5700000, 0x00000000c5700000| Untracked 
|  88|0x00000000c5800000, 0x00000000c5800000, 0x00000000c5900000|  0%| F|  |TAMS 0x00000000c5800000, 0x00000000c5800000| Untracked 
|  89|0x00000000c5900000, 0x00000000c5900000, 0x00000000c5a00000|  0%| F|  |TAMS 0x00000000c5900000, 0x00000000c5900000| Untracked 
|  90|0x00000000c5a00000, 0x00000000c5a00000, 0x00000000c5b00000|  0%| F|  |TAMS 0x00000000c5a00000, 0x00000000c5a00000| Untracked 
|  91|0x00000000c5b00000, 0x00000000c5b00000, 0x00000000c5c00000|  0%| F|  |TAMS 0x00000000c5b00000, 0x00000000c5b00000| Untracked 
|  92|0x00000000c5c00000, 0x00000000c5c00000, 0x00000000c5d00000|  0%| F|  |TAMS 0x00000000c5c00000, 0x00000000c5c00000| Untracked 
|  93|0x00000000c5d00000, 0x00000000c5d00000, 0x00000000c5e00000|  0%| F|  |TAMS 0x00000000c5d00000, 0x00000000c5d00000| Untracked 
|  94|0x00000000c5e00000, 0x00000000c5e00000, 0x00000000c5f00000|  0%| F|  |TAMS 0x00000000c5e00000, 0x00000000c5e00000| Untracked 
|  95|0x00000000c5f00000, 0x00000000c5f00000, 0x00000000c6000000|  0%| F|  |TAMS 0x00000000c5f00000, 0x00000000c5f00000| Untracked 
|  96|0x00000000c6000000, 0x00000000c6000000, 0x00000000c6100000|  0%| F|  |TAMS 0x00000000c6000000, 0x00000000c6000000| Untracked 
|  97|0x00000000c6100000, 0x00000000c6100000, 0x00000000c6200000|  0%| F|  |TAMS 0x00000000c6100000, 0x00000000c6100000| Untracked 
|  98|0x00000000c6200000, 0x00000000c6200000, 0x00000000c6300000|  0%| F|  |TAMS 0x00000000c6200000, 0x00000000c6200000| Untracked 
|  99|0x00000000c6300000, 0x00000000c6300000, 0x00000000c6400000|  0%| F|  |TAMS 0x00000000c6300000, 0x00000000c6300000| Untracked 
| 100|0x00000000c6400000, 0x00000000c6400000, 0x00000000c6500000|  0%| F|  |TAMS 0x00000000c6400000, 0x00000000c6400000| Untracked 
| 101|0x00000000c6500000, 0x00000000c6500000, 0x00000000c6600000|  0%| F|  |TAMS 0x00000000c6500000, 0x00000000c6500000| Untracked 
| 102|0x00000000c6600000, 0x00000000c6600000, 0x00000000c6700000|  0%| F|  |TAMS 0x00000000c6600000, 0x00000000c6600000| Untracked 
| 103|0x00000000c6700000, 0x00000000c6700000, 0x00000000c6800000|  0%| F|  |TAMS 0x00000000c6700000, 0x00000000c6700000| Untracked 
| 104|0x00000000c6800000, 0x00000000c6800000, 0x00000000c6900000|  0%| F|  |TAMS 0x00000000c6800000, 0x00000000c6800000| Untracked 
| 105|0x00000000c6900000, 0x00000000c6900000, 0x00000000c6a00000|  0%| F|  |TAMS 0x00000000c6900000, 0x00000000c6900000| Untracked 
| 106|0x00000000c6a00000, 0x00000000c6a00000, 0x00000000c6b00000|  0%| F|  |TAMS 0x00000000c6a00000, 0x00000000c6a00000| Untracked 
| 107|0x00000000c6b00000, 0x00000000c6b00000, 0x00000000c6c00000|  0%| F|  |TAMS 0x00000000c6b00000, 0x00000000c6b00000| Untracked 
| 108|0x00000000c6c00000, 0x00000000c6c00000, 0x00000000c6d00000|  0%| F|  |TAMS 0x00000000c6c00000, 0x00000000c6c00000| Untracked 
| 109|0x00000000c6d00000, 0x00000000c6d00000, 0x00000000c6e00000|  0%| F|  |TAMS 0x00000000c6d00000, 0x00000000c6d00000| Untracked 
| 110|0x00000000c6e00000, 0x00000000c6e00000, 0x00000000c6f00000|  0%| F|  |TAMS 0x00000000c6e00000, 0x00000000c6e00000| Untracked 
| 111|0x00000000c6f00000, 0x00000000c6f00000, 0x00000000c7000000|  0%| F|  |TAMS 0x00000000c6f00000, 0x00000000c6f00000| Untracked 
| 112|0x00000000c7000000, 0x00000000c7000000, 0x00000000c7100000|  0%| F|  |TAMS 0x00000000c7000000, 0x00000000c7000000| Untracked 
| 113|0x00000000c7100000, 0x00000000c7100000, 0x00000000c7200000|  0%| F|  |TAMS 0x00000000c7100000, 0x00000000c7100000| Untracked 
| 114|0x00000000c7200000, 0x00000000c7200000, 0x00000000c7300000|  0%| F|  |TAMS 0x00000000c7200000, 0x00000000c7200000| Untracked 
| 115|0x00000000c7300000, 0x00000000c7300000, 0x00000000c7400000|  0%| F|  |TAMS 0x00000000c7300000, 0x00000000c7300000| Untracked 
| 116|0x00000000c7400000, 0x00000000c7400000, 0x00000000c7500000|  0%| F|  |TAMS 0x00000000c7400000, 0x00000000c7400000| Untracked 
| 117|0x00000000c7500000, 0x00000000c7500000, 0x00000000c7600000|  0%| F|  |TAMS 0x00000000c7500000, 0x00000000c7500000| Untracked 
| 118|0x00000000c7600000, 0x00000000c7600000, 0x00000000c7700000|  0%| F|  |TAMS 0x00000000c7600000, 0x00000000c7600000| Untracked 
| 119|0x00000000c7700000, 0x00000000c7700000, 0x00000000c7800000|  0%| F|  |TAMS 0x00000000c7700000, 0x00000000c7700000| Untracked 
| 120|0x00000000c7800000, 0x00000000c7800000, 0x00000000c7900000|  0%| F|  |TAMS 0x00000000c7800000, 0x00000000c7800000| Untracked 
| 121|0x00000000c7900000, 0x00000000c7900000, 0x00000000c7a00000|  0%| F|  |TAMS 0x00000000c7900000, 0x00000000c7900000| Untracked 
| 122|0x00000000c7a00000, 0x00000000c7a00000, 0x00000000c7b00000|  0%| F|  |TAMS 0x00000000c7a00000, 0x00000000c7a00000| Untracked 
| 123|0x00000000c7b00000, 0x00000000c7b00000, 0x00000000c7c00000|  0%| F|  |TAMS 0x00000000c7b00000, 0x00000000c7b00000| Untracked 
| 124|0x00000000c7c00000, 0x00000000c7c00000, 0x00000000c7d00000|  0%| F|  |TAMS 0x00000000c7c00000, 0x00000000c7c00000| Untracked 
| 125|0x00000000c7d00000, 0x00000000c7d00000, 0x00000000c7e00000|  0%| F|  |TAMS 0x00000000c7d00000, 0x00000000c7d00000| Untracked 
| 126|0x00000000c7e00000, 0x00000000c7e00000, 0x00000000c7f00000|  0%| F|  |TAMS 0x00000000c7e00000, 0x00000000c7e00000| Untracked 
| 127|0x00000000c7f00000, 0x00000000c7f00000, 0x00000000c8000000|  0%| F|  |TAMS 0x00000000c7f00000, 0x00000000c7f00000| Untracked 
| 128|0x00000000c8000000, 0x00000000c8000000, 0x00000000c8100000|  0%| F|  |TAMS 0x00000000c8000000, 0x00000000c8000000| Untracked 
| 129|0x00000000c8100000, 0x00000000c8100000, 0x00000000c8200000|  0%| F|  |TAMS 0x00000000c8100000, 0x00000000c8100000| Untracked 
| 130|0x00000000c8200000, 0x00000000c8200000, 0x00000000c8300000|  0%| F|  |TAMS 0x00000000c8200000, 0x00000000c8200000| Untracked 
| 131|0x00000000c8300000, 0x00000000c8300000, 0x00000000c8400000|  0%| F|  |TAMS 0x00000000c8300000, 0x00000000c8300000| Untracked 
| 132|0x00000000c8400000, 0x00000000c8400000, 0x00000000c8500000|  0%| F|  |TAMS 0x00000000c8400000, 0x00000000c8400000| Untracked 
| 133|0x00000000c8500000, 0x00000000c8583c10, 0x00000000c8600000| 51%| E|  |TAMS 0x00000000c8500000, 0x00000000c8500000| Complete 
| 134|0x00000000c8600000, 0x00000000c8700000, 0x00000000c8700000|100%| E|CS|TAMS 0x00000000c8600000, 0x00000000c8600000| Complete 
| 135|0x00000000c8700000, 0x00000000c8800000, 0x00000000c8800000|100%| E|CS|TAMS 0x00000000c8700000, 0x00000000c8700000| Complete 
| 136|0x00000000c8800000, 0x00000000c8900000, 0x00000000c8900000|100%| E|CS|TAMS 0x00000000c8800000, 0x00000000c8800000| Complete 

Card table byte_map: [0x000001a2ad640000,0x000001a2ad840000] _byte_map_base: 0x000001a2ad040000

Marking Bits (Prev, Next): (CMBitMap*) 0x000001a28ce3a470, (CMBitMap*) 0x000001a28ce3a438
 Prev Bits: [0x000001a2aea40000, 0x000001a2afa40000)
 Next Bits: [0x000001a2ada40000, 0x000001a2aea40000)

Polling page: 0x000001a295760000

Metaspace:

Usage:
  Non-class:      8.23 MB capacity,     8.17 MB (>99%) used,    51.89 KB ( <1%) free+waste,     7.81 KB ( <1%) overhead. 
      Class:    881.00 KB capacity,   802.85 KB ( 91%) used,    75.02 KB (  9%) free+waste,     3.13 KB ( <1%) overhead. 
       Both:      9.09 MB capacity,     8.95 MB ( 99%) used,   126.91 KB (  1%) free+waste,    10.94 KB ( <1%) overhead. 

Virtual space:
  Non-class space:       10.00 MB reserved,       8.25 MB ( 83%) committed 
      Class space:        1.00 GB reserved,     896.00 KB ( <1%) committed 
             Both:        1.01 GB reserved,       9.13 MB ( <1%) committed 

Chunk freelists:
   Non-Class:  2.75 KB
       Class:  1.88 KB
        Both:  4.63 KB

CodeHeap 'non-profiled nmethods': size=120000Kb used=350Kb max_used=350Kb free=119649Kb
 bounds [0x000001a2a5480000, 0x000001a2a56f0000, 0x000001a2ac9b0000]
CodeHeap 'profiled nmethods': size=120000Kb used=1647Kb max_used=1647Kb free=118352Kb
 bounds [0x000001a29df50000, 0x000001a29e1c0000, 0x000001a2a5480000]
CodeHeap 'non-nmethods': size=5760Kb used=1069Kb max_used=1092Kb free=4690Kb
 bounds [0x000001a29d9b0000, 0x000001a29dc20000, 0x000001a29df50000]
 total_blobs=1494 nmethods=878 adapters=279
 compilation: enabled
              stopped_count=0, restarted_count=0
 full_count=0

Compilation events (10 events):
Event: 0.492 Thread 0x000001a292be0000  428       1       java.lang.Class::getAnnotationType (5 bytes)
Event: 0.492 Thread 0x000001a292be0000 nmethod 428 0x000001a2a54a2410 code [0x000001a2a54a25c0, 0x000001a2a54a26d8]
Event: 0.497 Thread 0x000001a292bdd000 nmethod 415 0x000001a2a54a2790 code [0x000001a2a54a2960, 0x000001a2a54a3038]
Event: 0.497 Thread 0x000001a292bdd000  410       4       java.util.HashMap::put (13 bytes)
Event: 0.497 Thread 0x000001a292bdd000 nmethod 410 0x000001a2a54a3590 code [0x000001a2a54a3740, 0x000001a2a54a3868]
Event: 0.553 Thread 0x000001a292be0000  429       3       org.jpype.manager.MethodResolution::sortMethods (218 bytes)
Event: 0.554 Thread 0x000001a292be0000 nmethod 429 0x000001a29e004410 code [0x000001a29e0048a0, 0x000001a29e006c20]
Event: 0.554 Thread 0x000001a292be0000  430       3       org.jpype.manager.TypeManager::createMethods (380 bytes)
Event: 0.555 Thread 0x000001a292be0000 nmethod 430 0x000001a29e007790 code [0x000001a29e007b40, 0x000001a29e0096a0]
Event: 0.555 Thread 0x000001a292be0000  431   !   3       sun.reflect.annotation.AnnotationParser::parseAnnotations (37 bytes)

GC Heap History (2 events):
Event: 0.487 GC heap before
{Heap before GC invocations=0 (full 0):
 garbage-first heap   total 260096K, used 4096K [0x00000000c0000000, 0x0000000100000000)
  region size 1024K, 6 young (6144K), 0 survivors (0K)
 Metaspace       used 6698K, capacity 6841K, committed 7040K, reserved 1056768K
  class space    used 581K, capacity 636K, committed 640K, reserved 1048576K
}
Event: 0.491 GC heap after
{Heap after GC invocations=1 (full 1):
 garbage-first heap   total 20480K, used 1898K [0x00000000c0000000, 0x0000000100000000)
  region size 1024K, 0 young (0K), 0 survivors (0K)
 Metaspace       used 6698K, capacity 6841K, committed 7040K, reserved 1056768K
  class space    used 581K, capacity 636K, committed 640K, reserved 1048576K
}

Deoptimization events (7 events):
Event: 0.128 Thread 0x000001a2f9e80800 Uncommon trap: reason=unstable_if action=reinterpret pc=0x000001a2a548526c method=java.lang.String.hashCode()I @ 14 c2
Event: 0.149 Thread 0x000001a2f9e80800 Uncommon trap: reason=unstable_if action=reinterpret pc=0x000001a2a54884e0 method=java.util.zip.ZipInputStream.read([BII)I @ 50 c2
Event: 0.156 Thread 0x000001a2f9e80800 Uncommon trap: reason=unstable_if action=reinterpret pc=0x000001a2a548947c method=java.util.zip.ZipInputStream.read([BII)I @ 50 c2
Event: 0.481 Thread 0x000001a2f9e80800 Uncommon trap: reason=profile_predicate action=maybe_recompile pc=0x000001a2a549fb70 method=java.lang.PublicMethods$MethodList.filter([Ljava/lang/reflect/Method;Ljava/lang/String;[Ljava/lang/Class;Z)Ljava/lang/PublicMethods$MethodList; @ 21 c2
Event: 0.481 Thread 0x000001a2f9e80800 Uncommon trap: reason=profile_predicate action=maybe_recompile pc=0x000001a2a549fb70 method=java.lang.PublicMethods$MethodList.filter([Ljava/lang/reflect/Method;Ljava/lang/String;[Ljava/lang/Class;Z)Ljava/lang/PublicMethods$MethodList; @ 21 c2
Event: 0.481 Thread 0x000001a2f9e80800 Uncommon trap: reason=profile_predicate action=maybe_recompile pc=0x000001a2a549fb70 method=java.lang.PublicMethods$MethodList.filter([Ljava/lang/reflect/Method;Ljava/lang/String;[Ljava/lang/Class;Z)Ljava/lang/PublicMethods$MethodList; @ 21 c2
Event: 0.481 Thread 0x000001a2f9e80800 Uncommon trap: reason=profile_predicate action=maybe_recompile pc=0x000001a2a549fb70 method=java.lang.PublicMethods$MethodList.filter([Ljava/lang/reflect/Method;Ljava/lang/String;[Ljava/lang/Class;Z)Ljava/lang/PublicMethods$MethodList; @ 21 c2

Classes redefined (0 events):
No events

Internal exceptions (2 events):
Event: 0.107 Thread 0x000001a2f9e80800 Exception <a 'java/io/IOException'{0x00000000cfc13b20}: Bad pathname> (0x00000000cfc13b20) thrown at [t:/workspace/open/src/hotspot/share/prims/jni.cpp, line 636]
Event: 0.109 Thread 0x000001a2f9e80800 Exception <a 'java/io/IOException'{0x00000000cfc1a410}: Bad pathname> (0x00000000cfc1a410) thrown at [t:/workspace/open/src/hotspot/share/prims/jni.cpp, line 636]

Events (10 events):
Event: 0.481 loading class java/io/ObjectStreamException
Event: 0.481 loading class java/io/ObjectStreamException done
Event: 0.485 loading class java/lang/Short$ShortCache
Event: 0.485 loading class java/lang/Short$ShortCache done
Event: 0.487 Executing VM operation: G1CollectFull
Event: 0.491 Executing VM operation: G1CollectFull done
Event: 0.552 loading class java/math/BigInteger
Event: 0.552 loading class java/math/BigInteger done
Event: 0.554 loading class java/lang/Long$LongCache
Event: 0.554 loading class java/lang/Long$LongCache done


Dynamic libraries:
0x00007ff6dd980000 - 0x00007ff6dd99c000 	C:\Users\bitcamp\.conda\envs\venv\python.exe
0x00007ffaa00b0000 - 0x00007ffaa02a5000 	C:\WINDOWS\SYSTEM32\ntdll.dll
0x00007ffa9f840000 - 0x00007ffa9f8fe000 	C:\WINDOWS\System32\KERNEL32.DLL
0x00007ffa9da10000 - 0x00007ffa9dcd9000 	C:\WINDOWS\System32\KERNELBASE.dll
0x00007ffa9dce0000 - 0x00007ffa9dde0000 	C:\WINDOWS\System32\ucrtbase.dll
0x00007ffa33660000 - 0x00007ffa33a92000 	C:\Users\bitcamp\.conda\envs\venv\python38.dll
0x00007ffa85440000 - 0x00007ffa85459000 	C:\Users\bitcamp\.conda\envs\venv\VCRUNTIME140.dll
0x00007ffa9f720000 - 0x00007ffa9f775000 	C:\WINDOWS\System32\SHLWAPI.dll
0x00007ffa9fb60000 - 0x00007ffa9fbfe000 	C:\WINDOWS\System32\msvcrt.dll
0x00007ffa986f0000 - 0x00007ffa986fa000 	C:\WINDOWS\SYSTEM32\VERSION.dll
0x00007ffa9f420000 - 0x00007ffa9f48b000 	C:\WINDOWS\System32\WS2_32.dll
0x00007ffa9e110000 - 0x00007ffa9e23a000 	C:\WINDOWS\System32\RPCRT4.dll
0x00007ffa9f900000 - 0x00007ffa9f9ac000 	C:\WINDOWS\System32\ADVAPI32.dll
0x00007ffa9f550000 - 0x00007ffa9f5eb000 	C:\WINDOWS\System32\sechost.dll
0x00007ffa9d0f0000 - 0x00007ffa9d108000 	C:\WINDOWS\SYSTEM32\CRYPTSP.dll
0x00007ffa9c7f0000 - 0x00007ffa9c824000 	C:\WINDOWS\system32\rsaenh.dll
0x00007ffa9d880000 - 0x00007ffa9d8a7000 	C:\WINDOWS\System32\bcrypt.dll
0x00007ffa9d0e0000 - 0x00007ffa9d0ec000 	C:\WINDOWS\SYSTEM32\CRYPTBASE.dll
0x00007ffa9e070000 - 0x00007ffa9e0f3000 	C:\WINDOWS\System32\bcryptPrimitives.dll
0x00007ffa99190000 - 0x00007ffa9919f000 	C:\Users\bitcamp\.conda\envs\venv\python3.DLL
0x00007ffa85340000 - 0x00007ffa85357000 	C:\Users\bitcamp\.conda\envs\venv\DLLs\_bz2.pyd
0x00007ffa85310000 - 0x00007ffa8533a000 	C:\Users\bitcamp\.conda\envs\venv\DLLs\_lzma.pyd
0x00007ffa7fd00000 - 0x00007ffa7fd16000 	C:\Users\bitcamp\.conda\envs\venv\DLLs\_socket.pyd
0x00007ffa9cbe0000 - 0x00007ffa9cc1b000 	C:\WINDOWS\SYSTEM32\IPHLPAPI.DLL
0x00007ffa85430000 - 0x00007ffa85439000 	C:\Users\bitcamp\.conda\envs\venv\DLLs\select.pyd
0x00007ffa7f4a0000 - 0x00007ffa7f4c7000 	C:\Users\bitcamp\.conda\envs\venv\DLLs\_ssl.pyd
0x00007ffa9d8b0000 - 0x00007ffa9da06000 	C:\WINDOWS\System32\CRYPT32.dll
0x00007ffa6f530000 - 0x00007ffa6f87c000 	C:\Users\bitcamp\.conda\envs\venv\Library\bin\libcrypto-1_1-x64.dll
0x00007ffa6f880000 - 0x00007ffa6f92c000 	C:\Users\bitcamp\.conda\envs\venv\Library\bin\libssl-1_1-x64.dll
0x00007ffa9f9b0000 - 0x00007ffa9fb51000 	C:\WINDOWS\System32\USER32.dll
0x00007ffa9df40000 - 0x00007ffa9df62000 	C:\WINDOWS\System32\win32u.dll
0x00007ffa9f780000 - 0x00007ffa9f7ab000 	C:\WINDOWS\System32\GDI32.dll
0x00007ffa9de30000 - 0x00007ffa9df3b000 	C:\WINDOWS\System32\gdi32full.dll
0x00007ffa9dfd0000 - 0x00007ffa9e06d000 	C:\WINDOWS\System32\msvcp_win.dll
0x00007ffa9e240000 - 0x00007ffa9e270000 	C:\WINDOWS\System32\IMM32.DLL
0x00007ffa7d1a0000 - 0x00007ffa7d1b2000 	C:\Users\bitcamp\.conda\envs\venv\DLLs\_asyncio.pyd
0x00007ffa84ff0000 - 0x00007ffa84ffd000 	C:\Users\bitcamp\.conda\envs\venv\DLLs\_overlapped.pyd
0x00007ffa9cf30000 - 0x00007ffa9cf9a000 	C:\WINDOWS\system32\mswsock.dll
0x00007ffa7f490000 - 0x00007ffa7f499000 	C:\Users\bitcamp\.conda\envs\venv\DLLs\_queue.pyd
0x00007ffa7d190000 - 0x00007ffa7d19d000 	C:\Users\bitcamp\.conda\envs\venv\DLLs\_hashlib.pyd
0x00007ffa7d170000 - 0x00007ffa7d190000 	C:\Users\bitcamp\.conda\envs\venv\DLLs\_ctypes.pyd
0x00007ffa9fce0000 - 0x00007ffa9fe0a000 	C:\WINDOWS\System32\ole32.dll
0x00007ffa7d160000 - 0x00007ffa7d16b000 	C:\Users\bitcamp\.conda\envs\venv\DLLs\libffi-7.dll
0x00007ffa9e270000 - 0x00007ffa9e5c5000 	C:\WINDOWS\System32\combase.dll
0x00007ffa9f350000 - 0x00007ffa9f41d000 	C:\WINDOWS\System32\OLEAUT32.dll
0x00007ffa7a1e0000 - 0x00007ffa7a223000 	C:\Users\bitcamp\.conda\envs\venv\DLLs\_decimal.pyd
0x00007ffa6f320000 - 0x00007ffa6f42e000 	C:\Users\bitcamp\.conda\envs\venv\DLLs\unicodedata.pyd
0x00007ffa7bba0000 - 0x00007ffa7bbcd000 	C:\Users\bitcamp\.conda\envs\venv\DLLs\_elementtree.pyd
0x00007ffa7a1a0000 - 0x00007ffa7a1d1000 	C:\Users\bitcamp\.conda\envs\venv\DLLs\pyexpat.pyd
0x000000006f7c0000 - 0x0000000071448000 	C:\Users\bitcamp\AppData\Roaming\Python\Python38\site-packages\numpy\.libs\libopenblas.PYQHXLVVQ7VESDPUVUADXEVJOBGHJPAY.gfortran-win_amd64.dll
0x00007ffa35560000 - 0x00007ffa3583f000 	C:\Users\bitcamp\AppData\Roaming\Python\Python38\site-packages\numpy\core\_multiarray_umath.cp38-win_amd64.pyd
0x00007ffa77170000 - 0x00007ffa77192000 	C:\Users\bitcamp\AppData\Roaming\Python\Python38\site-packages\numpy\core\_multiarray_tests.cp38-win_amd64.pyd
0x00007ffa7bb90000 - 0x00007ffa7bb9c000 	C:\Users\bitcamp\AppData\Roaming\Python\Python38\site-packages\numpy\linalg\lapack_lite.cp38-win_amd64.pyd
0x00007ffa770d0000 - 0x00007ffa770f6000 	C:\Users\bitcamp\AppData\Roaming\Python\Python38\site-packages\numpy\linalg\_umath_linalg.cp38-win_amd64.pyd
0x00007ffa77a60000 - 0x00007ffa77a80000 	C:\Users\bitcamp\AppData\Roaming\Python\Python38\site-packages\numpy\fft\_pocketfft_internal.cp38-win_amd64.pyd
0x00007ffa39b90000 - 0x00007ffa39c22000 	C:\Users\bitcamp\AppData\Roaming\Python\Python38\site-packages\numpy\random\mtrand.cp38-win_amd64.pyd
0x00007ffa770a0000 - 0x00007ffa770cd000 	C:\Users\bitcamp\AppData\Roaming\Python\Python38\site-packages\numpy\random\_bit_generator.cp38-win_amd64.pyd
0x00007ffa71000000 - 0x00007ffa71032000 	C:\Users\bitcamp\AppData\Roaming\Python\Python38\site-packages\numpy\random\_common.cp38-win_amd64.pyd
0x00007ffa6f2c0000 - 0x00007ffa6f312000 	C:\Users\bitcamp\AppData\Roaming\Python\Python38\site-packages\numpy\random\_bounded_integers.cp38-win_amd64.pyd
0x00007ffa74080000 - 0x00007ffa7409e000 	C:\Users\bitcamp\AppData\Roaming\Python\Python38\site-packages\numpy\random\_mt19937.cp38-win_amd64.pyd
0x00007ffa6f510000 - 0x00007ffa6f528000 	C:\Users\bitcamp\AppData\Roaming\Python\Python38\site-packages\numpy\random\_philox.cp38-win_amd64.pyd
0x00007ffa6d4b0000 - 0x00007ffa6d4c6000 	C:\Users\bitcamp\AppData\Roaming\Python\Python38\site-packages\numpy\random\_pcg64.cp38-win_amd64.pyd
0x00007ffa6d490000 - 0x00007ffa6d4a3000 	C:\Users\bitcamp\AppData\Roaming\Python\Python38\site-packages\numpy\random\_sfc64.cp38-win_amd64.pyd
0x00007ffa38780000 - 0x00007ffa38828000 	C:\Users\bitcamp\AppData\Roaming\Python\Python38\site-packages\numpy\random\_generator.cp38-win_amd64.pyd
0x0000000000a80000 - 0x0000000000aa8000 	C:\Users\bitcamp\AppData\Roaming\Python\Python38\site-packages\scipy\.libs\libansari.R6EA3HQP5KZ6TAXU4Y4ZVTRPT7UVA53Z.gfortran-win_amd64.dll
0x000000006af00000 - 0x000000006afa6000 	C:\Users\bitcamp\AppData\Roaming\Python\Python38\site-packages\scipy\.libs\libbanded5x.ZCD4YVWE76FRGRP64SGAP7BX4MU5BEFM.gfortran-win_amd64.dll
0x0000000000ab0000 - 0x0000000000c6f000 	C:\Users\bitcamp\AppData\Roaming\Python\Python38\site-packages\scipy\.libs\libbispeu.7AH3PCQ2E2NGLC3AQD7FFAH73KGJTZCJ.gfortran-win_amd64.dll
0x0000000064840000 - 0x00000000648e3000 	C:\Users\bitcamp\AppData\Roaming\Python\Python38\site-packages\scipy\.libs\libblkdta00.5USURWRMG6FPFEKUZDHXY7U7LNUM2WK6.gfortran-win_amd64.dll
0x000000006dc40000 - 0x000000006dc8a000 	C:\Users\bitcamp\AppData\Roaming\Python\Python38\site-packages\scipy\.libs\libchkder.G7WSOGIYYQO3UWFVEZ3PPXCXR53ADVPA.gfortran-win_amd64.dll
0x0000000066f80000 - 0x0000000067021000 	C:\Users\bitcamp\AppData\Roaming\Python\Python38\site-packages\scipy\.libs\libcobyla2.25EVUSEBAW7VKISARB7LO3UGZPN2HXE3.gfortran-win_amd64.dll
0x0000000063400000 - 0x0000000063418000 	C:\Users\bitcamp\AppData\Roaming\Python\Python38\site-packages\scipy\.libs\libdcsrch.I2AOPDCXAPDRFNPWY55H5UE7XZSU5CVN.gfortran-win_amd64.dll
0x0000000062880000 - 0x000000006289e000 	C:\Users\bitcamp\AppData\Roaming\Python\Python38\site-packages\scipy\.libs\libdet.F6RQ4OV2DGIJ2MARDTCBP35QSS4MLVQE.gfortran-win_amd64.dll
0x0000000000c70000 - 0x0000000000dcf000 	C:\Users\bitcamp\AppData\Roaming\Python\Python38\site-packages\scipy\.libs\libdfft_sub.U5C2BGSVP4A24TBEJAO6QCQJ2B6LPVGU.gfortran-win_amd64.dll
0x0000000066340000 - 0x00000000664ff000 	C:\Users\bitcamp\AppData\Roaming\Python\Python38\site-packages\scipy\.libs\libdfitpack.F5IA373IXQXRMNVIGRAXL6SPJ4PKDPUB.gfortran-win_amd64.dll
0x0000000068480000 - 0x00000000686ea000 	C:\Users\bitcamp\AppData\Roaming\Python\Python38\site-packages\scipy\.libs\libdgamln.UIFGIOJQL54NTBYWYZ56OJCM4CZSNWEI.gfortran-win_amd64.dll
0x0000000066600000 - 0x0000000066699000 	C:\Users\bitcamp\AppData\Roaming\Python\Python38\site-packages\scipy\.libs\libdop853.6TJTQZW3I3Q3QIDQHEOBEZKJ3NYRXI4B.gfortran-win_amd64.dll
0x000000006f5c0000 - 0x000000006f683000 	C:\Users\bitcamp\AppData\Roaming\Python\Python38\site-packages\scipy\.libs\libdqag.DX5EAYYNPFO66EWHYQS3FJBH7SZRQOKL.gfortran-win_amd64.dll
0x0000000000dd0000 - 0x0000000000eee000 	C:\Users\bitcamp\AppData\Roaming\Python\Python38\site-packages\scipy\.libs\libd_odr.HY35LCTJLWN56VS6T57IRQDDWOT6C433.gfortran-win_amd64.dll
0x000000006b300000 - 0x000000006b35b000 	C:\Users\bitcamp\AppData\Roaming\Python\Python38\site-packages\scipy\.libs\libgetbreak.A43LEPYTRXGJCAFEE2XXOUDQX2I7BT74.gfortran-win_amd64.dll
0x0000000064100000 - 0x00000000641ac000 	C:\Users\bitcamp\AppData\Roaming\Python\Python38\site-packages\scipy\.libs\liblbfgsb.754DFFB6OF2BEPR5ANJHBKOOGAKJT2PV.gfortran-win_amd64.dll
0x000000006c040000 - 0x000000006c167000 	C:\Users\bitcamp\AppData\Roaming\Python\Python38\site-packages\scipy\.libs\libmvndst.IUWFZM2WSUQ3UTGQHFQ26ATH2A2TIUVI.gfortran-win_amd64.dll
0x000000006a440000 - 0x000000006a4c2000 	C:\Users\bitcamp\AppData\Roaming\Python\Python38\site-packages\scipy\.libs\libnnls.IXEEHJUCGHJL42YZEM6UIEMROJWXHMLJ.gfortran-win_amd64.dll
0x0000000000ef0000 - 0x0000000002b78000 	C:\Users\bitcamp\AppData\Roaming\Python\Python38\site-packages\scipy\.libs\libopenblas.PYQHXLVVQ7VESDPUVUADXEVJOBGHJPAY.gfortran-win_amd64.dll
0x0000000066940000 - 0x0000000066987000 	C:\Users\bitcamp\AppData\Roaming\Python\Python38\site-packages\scipy\.libs\libslsqp_op.RGGN6ZOFD2K47X7YRNDYCM7JFP4AGLER.gfortran-win_amd64.dll
0x000000006e180000 - 0x000000006e2db000 	C:\Users\bitcamp\AppData\Roaming\Python\Python38\site-packages\scipy\.libs\libspecfun.LQCTHMCYNULEOOGKIO6AGREE6D6V37RU.gfortran-win_amd64.dll
0x000000006ef80000 - 0x000000006f05d000 	C:\Users\bitcamp\AppData\Roaming\Python\Python38\site-packages\scipy\.libs\libvode.TMOGMIXIKX7YLTXJI43IOWHRMYZCTVDN.gfortran-win_amd64.dll
0x000000006be40000 - 0x000000006be71000 	C:\Users\bitcamp\AppData\Roaming\Python\Python38\site-packages\scipy\.libs\libwrap_dum.QAUP4P2DZOSWPFFZN3N7HGCAHIIVM5RR.gfortran-win_amd64.dll
0x0000000062780000 - 0x0000000062798000 	C:\Users\bitcamp\AppData\Roaming\Python\Python38\site-packages\scipy\.libs\libwrap_dum.ZZFUANNAKWX2VGCCOYETI2VGX7DL2CNF.gfortran-win_amd64.dll
0x0000000002b80000 - 0x0000000002d10000 	C:\Users\bitcamp\AppData\Roaming\Python\Python38\site-packages\scipy\.libs\lib_arpack-.T7ZRCHVXFRZEKPFTM2JZLG2DKNFFUGTR.gfortran-win_amd64.dll
0x0000000067d80000 - 0x0000000067da8000 	C:\Users\bitcamp\AppData\Roaming\Python\Python38\site-packages\scipy\.libs\lib_blas_su.GAYDLNX3DXOOMCP6K7LPRBY2LER4RT2X.gfortran-win_amd64.dll
0x000000006a380000 - 0x000000006a3fc000 	C:\Users\bitcamp\AppData\Roaming\Python\Python38\site-packages\scipy\.libs\lib_test_fo.JF5HTWMUPBXWGAYEBVEJU3OZAHTSVKCT.gfortran-win_amd64.dll
0x00007ffa354c0000 - 0x00007ffa3555d000 	C:\Users\bitcamp\AppData\Roaming\Python\Python38\site-packages\scipy\.libs\msvcp140.dll
0x00007ffa6d470000 - 0x00007ffa6d488000 	C:\Users\bitcamp\AppData\Roaming\Python\Python38\site-packages\scipy\_lib\_ccallback_c.cp38-win_amd64.pyd
0x00007ffa6d450000 - 0x00007ffa6d462000 	C:\Users\bitcamp\AppData\Roaming\Python\Python38\site-packages\scipy\_lib\_uarray\_uarray.cp38-win_amd64.pyd
0x00007ffa335d0000 - 0x00007ffa3365f000 	C:\Users\bitcamp\AppData\Roaming\Python\Python38\site-packages\scipy\fft\_pocketfft\pypocketfft.cp38-win_amd64.pyd
0x00007ffa33370000 - 0x00007ffa335ce000 	C:\Users\bitcamp\AppData\Roaming\Python\Python38\site-packages\scipy\sparse\_sparsetools.cp38-win_amd64.pyd
0x00007ffa332f0000 - 0x00007ffa33361000 	C:\Users\bitcamp\AppData\Roaming\Python\Python38\site-packages\scipy\sparse\_csparsetools.cp38-win_amd64.pyd
0x00007ffa6cd20000 - 0x00007ffa6cd80000 	C:\Users\bitcamp\AppData\Roaming\Python\Python38\site-packages\scipy\sparse\csgraph\_shortest_path.cp38-win_amd64.pyd
0x00007ffa6d120000 - 0x00007ffa6d148000 	C:\Users\bitcamp\AppData\Roaming\Python\Python38\site-packages\scipy\sparse\csgraph\_tools.cp38-win_amd64.pyd
0x00007ffa6cdf0000 - 0x00007ffa6ce17000 	C:\Users\bitcamp\AppData\Roaming\Python\Python38\site-packages\scipy\sparse\csgraph\_traversal.cp38-win_amd64.pyd
0x00007ffa67e70000 - 0x00007ffa67ea0000 	C:\Users\bitcamp\AppData\Roaming\Python\Python38\site-packages\scipy\sparse\csgraph\_min_spanning_tree.cp38-win_amd64.pyd
0x00007ffa67180000 - 0x00007ffa671ba000 	C:\Users\bitcamp\AppData\Roaming\Python\Python38\site-packages\scipy\sparse\csgraph\_flow.cp38-win_amd64.pyd
0x00007ffa66de0000 - 0x00007ffa66e12000 	C:\Users\bitcamp\AppData\Roaming\Python\Python38\site-packages\scipy\sparse\csgraph\_matching.cp38-win_amd64.pyd
0x00007ffa59140000 - 0x00007ffa5917e000 	C:\Users\bitcamp\AppData\Roaming\Python\Python38\site-packages\scipy\sparse\csgraph\_reordering.cp38-win_amd64.pyd
0x00007ffa33260000 - 0x00007ffa332eb000 	C:\Users\bitcamp\AppData\Roaming\Python\Python38\site-packages\scipy\spatial\ckdtree.cp38-win_amd64.pyd
0x00007ffa33180000 - 0x00007ffa3325e000 	C:\Users\bitcamp\AppData\Roaming\Python\Python38\site-packages\scipy\spatial\qhull.cp38-win_amd64.pyd
0x00007ffa7bb70000 - 0x00007ffa7bb80000 	C:\Users\bitcamp\AppData\Roaming\Python\Python38\site-packages\scipy\_lib\messagestream.cp38-win_amd64.pyd
0x00007ffa677c0000 - 0x00007ffa677ec000 	C:\Users\bitcamp\AppData\Roaming\Python\Python38\site-packages\scipy\spatial\_voronoi.cp38-win_amd64.pyd
0x00007ffa330e0000 - 0x00007ffa33173000 	C:\Users\bitcamp\AppData\Roaming\Python\Python38\site-packages\scipy\linalg\_fblas.cp38-win_amd64.pyd
0x00007ffa32f70000 - 0x00007ffa330dd000 	C:\Users\bitcamp\AppData\Roaming\Python\Python38\site-packages\scipy\linalg\_flapack.cp38-win_amd64.pyd
0x00007ffa6cdd0000 - 0x00007ffa6cde2000 	C:\Users\bitcamp\AppData\Roaming\Python\Python38\site-packages\scipy\linalg\_flinalg.cp38-win_amd64.pyd
0x00007ffa38740000 - 0x00007ffa38778000 	C:\Users\bitcamp\AppData\Roaming\Python\Python38\site-packages\scipy\linalg\_solve_toeplitz.cp38-win_amd64.pyd
0x00007ffa32f20000 - 0x00007ffa32f67000 	C:\Users\bitcamp\AppData\Roaming\Python\Python38\site-packages\scipy\linalg\_decomp_update.cp38-win_amd64.pyd
0x00007ffa32ee0000 - 0x00007ffa32f1c000 	C:\Users\bitcamp\AppData\Roaming\Python\Python38\site-packages\scipy\linalg\cython_blas.cp38-win_amd64.pyd
0x00007ffa32e30000 - 0x00007ffa32ed5000 	C:\Users\bitcamp\AppData\Roaming\Python\Python38\site-packages\scipy\linalg\cython_lapack.cp38-win_amd64.pyd
0x00007ffa6a350000 - 0x00007ffa6a366000 	C:\Users\bitcamp\AppData\Roaming\Python\Python38\site-packages\scipy\spatial\_distance_wrap.cp38-win_amd64.pyd
0x00007ffa67210000 - 0x00007ffa6723d000 	C:\Users\bitcamp\AppData\Roaming\Python\Python38\site-packages\scipy\spatial\_hausdorff.cp38-win_amd64.pyd
0x00007ffa32d60000 - 0x00007ffa32e27000 	C:\Users\bitcamp\AppData\Roaming\Python\Python38\site-packages\scipy\special\_ufuncs.cp38-win_amd64.pyd
0x00007ffa67010000 - 0x00007ffa67031000 	C:\Users\bitcamp\AppData\Roaming\Python\Python38\site-packages\scipy\special\_ufuncs_cxx.cp38-win_amd64.pyd
0x00007ffa688c0000 - 0x00007ffa688df000 	C:\Users\bitcamp\AppData\Roaming\Python\Python38\site-packages\scipy\special\specfun.cp38-win_amd64.pyd
0x00007ffa7a190000 - 0x00007ffa7a19e000 	C:\Users\bitcamp\AppData\Roaming\Python\Python38\site-packages\scipy\special\_comb.cp38-win_amd64.pyd
0x00007ffa67d20000 - 0x00007ffa67d38000 	C:\Users\bitcamp\AppData\Roaming\Python\Python38\site-packages\scipy\special\_ellip_harm_2.cp38-win_amd64.pyd
0x00007ffa66ef0000 - 0x00007ffa66f19000 	C:\Users\bitcamp\AppData\Roaming\Python\Python38\site-packages\scipy\ndimage\_nd_image.cp38-win_amd64.pyd
0x00007ffa32d10000 - 0x00007ffa32d59000 	C:\Users\bitcamp\AppData\Roaming\Python\Python38\site-packages\scipy\ndimage\_ni_label.cp38-win_amd64.pyd
0x00007ffa7a000000 - 0x00007ffa7a00f000 	C:\Users\bitcamp\AppData\Roaming\Python\Python38\site-packages\scipy\optimize\minpack2.cp38-win_amd64.pyd
0x00007ffa32cc0000 - 0x00007ffa32d08000 	C:\Users\bitcamp\AppData\Roaming\Python\Python38\site-packages\scipy\optimize\_trlib\_trlib.cp38-win_amd64.pyd
0x00007ffa59110000 - 0x00007ffa59131000 	C:\Users\bitcamp\AppData\Roaming\Python\Python38\site-packages\scipy\sparse\linalg\isolve\_iterative.cp38-win_amd64.pyd
0x00007ffa32c70000 - 0x00007ffa32cbf000 	C:\Users\bitcamp\AppData\Roaming\Python\Python38\site-packages\scipy\sparse\linalg\dsolve\_superlu.cp38-win_amd64.pyd

dbghelp: loaded successfully - version: 4.0.5 - missing functions: none
symbol engine: initialized successfully - sym options: 0x614 - pdb path: .;C:\Users\bitcamp\.conda\envs\venv;C:\WINDOWS\SYSTEM32;C:\Users\bitcamp\.conda\envs\venv\DLLs;C:\Users\bitcamp\.conda\envs\venv\Library\bin;C:\Users\bitcamp\AppData\Roaming\Python\Python38\site-packages\numpy\.libs;C:\Users\bitcamp\AppData\Roaming\Python\Python38\site-packages\numpy\core;C:\Users\bitcamp\AppData\Roaming\Python\Python38\site-packages\numpy\linalg;C:\Users\bitcamp\AppData\Roaming\Python\Python38\site-packages\numpy\fft;C:\Users\bitcamp\AppData\Roaming\Python\Python38\site-packages\numpy\random;C:\Users\bitcamp\AppData\Roaming\Python\Python38\site-packages\scipy\.libs;C:\Users\bitcamp\AppData\Roaming\Python\Python38\site-packages\scipy\_lib;C:\Users\bitcamp\AppData\Roaming\Python\Python38\site-packages\scipy\_lib\_uarray;C:\Users\bitcamp\AppData\Roaming\Python\Python38\site-packages\scipy\fft\_pocketfft;C:\Users\bitcamp\AppData\Roaming\Python\Python38\site-packages\scipy\sparse;C:\Users\bitcamp\AppData\Roaming\Python\Python38\site-packages\scipy\sparse\csgraph;C:\Users\bitcamp\AppData\Roaming\Python\Python38\site-packages\scipy\spatial;C:\Users\bitcamp\AppData\Roaming\Python\Python38\site-packages\scipy\linalg;C:\Users\bitcamp\AppData\Roaming\Python\Python38\site-packages\scipy\special;C:\Users\bitcamp\AppData\Roaming\Python\Python38\site-packages\scipy\ndimage;C:\Users\bitcamp\AppData\Roaming\Python\Python38\site-packages\scipy\optimize;C:\Users\bitcamp\AppData\Roaming\Python\Python38\site-packages\scipy\optimize\_trlib;C:\Users\bitcamp\AppData\Roaming\Python\Python38\site-packages\scipy\sparse\linalg\isolve;C:\Users\bitcamp\AppData\Roaming\Python\Python38\site-packages\scipy\sparse\linalg\dsolve;C:\Users\bitcamp\AppData\Roaming\Python\Python38\site-packages\scipy\sparse\linalg\eigen\arpack;C:\Users\bitcamp\AppData\Roaming\Python\Python38\site-packages\scipy\optimize\_lsq;C:\Users\bitcamp\AppData\Roaming\Python\Python38\site-packages\scipy\integrate;C:\Users\bitcamp\AppData\Roaming\Python\Python38\site-packages\scipy\interpolate;C:\Users\bitcamp\AppData\Roaming\Python\Python38\site-packages\scipy\stats;C:\WINDOWS\WinSxS\amd64_microsoft.windows.common-controls_6595b64144ccf1df_6.0.19041.1110_none_60b5254171f9507e;C:\Users\bitcamp\.conda\envs\venv\lib\site-packages\regex;C:\Users\bitcamp\.conda\envs\venv\lib\site-packages\sklearn\__check_build;C:\Users\bitcamp\.conda\envs\venv\lib\site-packages\sklearn\utils;C:\Users\bitcamp\.conda\envs\venv\lib\site-packages\psutil;C:\Users\bitcamp\.conda\envs\venv\lib\site-packages\win32;c:\Program Files\HP\HP ProtectTools Security Manager\Bin;C:\Users\bitcamp\.conda\envs\venv\lib\site-packages\sklearn\feature_extraction;C:\Users\bitcamp\.conda\envs\venv\lib\site-packages\sklearn\preprocessing;C:\Users\bitcamp\.conda\envs\venv\lib\site-packages\sklearn\datasets;C:\Users\bitcamp\AppData\Roaming\Python\Python38\site-packages\scipy\io\matlab;C:\Users\bitcamp\.conda\envs\venv\lib\site-packages\sklearn\svm;C:\Users\bitcamp\.conda\envs\venv\lib\site-packages\sklearn\metrics\cluster;C:\Users\bitcamp\.conda\envs\venv\lib\site-packages\sklearn\metrics;C:\Users\bitcamp\.conda\envs\venv\lib\site-packages\sklearn\linear_model;C:\Users\bitcamp\.conda\envs\venv\lib\site-packages\brotli;C:\Users\bitcamp\.conda\envs\venv\lib\site-packages;C:\Users\bitcamp\.conda\envs\venv\lib\site-packages\pandas\_libs;C:\Users\bitcamp\.conda\envs\venv\lib\site-packages\pandas\_libs\tslibs;C:\Users\bitcamp\.conda\envs\venv\lib\site-packages\bottleneck;C:\Users\bitcamp\.conda\envs\venv\lib\site-packages\pandas\_libs\window;C:\Users\bitcamp\.conda\envs\venv\lib\site-packages\matplotlib;C:\Users\bitcamp\.conda\envs\venv\lib\site-packages\PIL;C:\Users\bitcamp\.conda\envs\venv\lib\site-packages\matplotlib\backends;C:\Users\bitcamp\.conda\envs\venv\lib\site-packages\PyQt5;C:\Users\bitcamp\.conda\envs\venv\lib\site-packages\markupsafe;C:\Users\bitcamp\.conda\envs\venv\lib\site-packages\lxml;C:\Users\bitcamp\.conda\envs\venv\lib\site-packages\MySQLdb;C:\Users\bitcamp\.conda\envs\venv\lib\site-packages\psycopg2;C:\Users\bitcamp\.conda\envs\venv\lib\site-packages\yaml;C:\Users\bitcamp\.conda\envs\venv\tcl\reg1.3;C:\Windows\System32\IME\IMEKR;C:\Windows\System32\IME\shared;C:\Program Files\Java\jdk-11\bin\server;C:\Program Files\Java\jdk-11\bin

VM Arguments:
jvm_args: -Dfile.encoding=UTF8 -ea -Xmx1024m 
java_command: <unknown>
java_class_path (initial): C:\Users\bitcamp\AppData\Roaming\Python\Python38\site-packages\konlpy\java;C:\Users\bitcamp\AppData\Roaming\Python\Python38\site-packages\konlpy\java\bin;C:\Users\bitcamp\AppData\Roaming\Python\Python38\site-packages\konlpy\java\*;C:\Users\bitcamp\AppData\Roaming\Python\Python38\site-packages\konlpy\java\jhannanum-0.8.4.jar;C:\Users\bitcamp\AppData\Roaming\Python\Python38\site-packages\konlpy\java\kkma-2.0.jar;C:\Users\bitcamp\AppData\Roaming\Python\Python38\site-packages\konlpy\java\aho-corasick.jar;C:\Users\bitcamp\AppData\Roaming\Python\Python38\site-packages\konlpy\java\shineware-common-1.0.jar;C:\Users\bitcamp\AppData\Roaming\Python\Python38\site-packages\konlpy\java\shineware-ds-1.0.jar;C:\Users\bitcamp\AppData\Roaming\Python\Python38\site-packages\konlpy\java\komoran-3.0.jar;C:\Users\bitcamp\AppData\Roaming\Python\Python38\site-packages\konlpy\java\snakeyaml-1.12.jar;C:\Users\bitcamp\AppData\Roaming\Python\Python38\site-packages\konlpy\java\scala-library-2.12.3.jar;C:\Users\bitcamp\AppData\Roaming\Python\Python38\site-packages\konlpy\java\open-korean-text-2.1.0.jar;C:\Users\bitcamp\AppData\Roaming\Python\Python38\site-packages\konlpy\java\twitter-text-1.14.7.jar;C:\Users\bitcamp\AppData\Roaming\Python\Python38\site-packages\konlpy\java\*
Launcher Type: generic

[Global flags]
     intx CICompilerCount                          = 4                                         {product} {ergonomic}
     uint ConcGCThreads                            = 2                                         {product} {ergonomic}
     uint G1ConcRefinementThreads                  = 8                                         {product} {ergonomic}
   size_t G1HeapRegionSize                         = 1048576                                   {product} {ergonomic}
    uintx GCDrainStackTargetSize                   = 64                                        {product} {ergonomic}
   size_t InitialHeapSize                          = 266338304                                 {product} {ergonomic}
   size_t MarkStackSize                            = 4194304                                   {product} {ergonomic}
   size_t MaxHeapSize                              = 1073741824                                {product} {command line}
   size_t MaxNewSize                               = 643825664                                 {product} {ergonomic}
   size_t MinHeapDeltaBytes                        = 1048576                                   {product} {ergonomic}
    uintx NonNMethodCodeHeapSize                   = 5835340                                {pd product} {ergonomic}
    uintx NonProfiledCodeHeapSize                  = 122911450                              {pd product} {ergonomic}
    uintx ProfiledCodeHeapSize                     = 122911450                              {pd product} {ergonomic}
    uintx ReservedCodeCacheSize                    = 251658240                              {pd product} {ergonomic}
     bool SegmentedCodeCache                       = true                                      {product} {ergonomic}
     bool UseCompressedClassPointers               = true                                 {lp64_product} {ergonomic}
     bool UseCompressedOops                        = true                                 {lp64_product} {ergonomic}
     bool UseG1GC                                  = true                                      {product} {ergonomic}
     bool UseLargePagesIndividualAllocation        = false                                  {pd product} {ergonomic}

Logging:
Log output configuration:
 #0: stdout all=warning uptime,level,tags
 #1: stderr all=off uptime,level,tags

Environment Variables:
JAVA_HOME=C:\Program Files\Java\jdk-11
PATH=C:\Users\bitcamp\.conda\envs\venv;C:\Users\bitcamp\.conda\envs\venv\Library\mingw-w64\bin;C:\Users\bitcamp\.conda\envs\venv\Library\usr\bin;C:\Users\bitcamp\.conda\envs\venv\Library\bin;C:\Users\bitcamp\.conda\envs\venv\Scripts;C:\Users\bitcamp\.conda\envs\venv\bin;C:\ProgramData\Anaconda3\condabin;C:\WINDOWS\system32;C:\WINDOWS;C:\WINDOWS\System32\Wbem;C:\WINDOWS\System32\WindowsPowerShell\v1.0;C:\WINDOWS\System32\OpenSSH;C:\Program Files\Java\jdk-11\bin;C:\Program Files\Git\cmd;C:\Program Files\MongoDB\Server\5.0\bin;C:\Program Files\nodejs;C:\Program Files\nodejs;C:\ProgramData\Anaconda3;C:\ProgramData\Anaconda3\Scripts;C:\ProgramData\Anaconda3\Library\bin;C:\ProgramData\Anaconda3\Library\mingw-w64\bin;.;C:\Program Files\Docker\Docker\resources\bin;C:\ProgramData\DockerDesktop\version-bin;C:\Users\bitcamp\AppData\Local\Microsoft\WindowsApps;C:\Users\bitcamp\AppData\Local\Programs\Microsoft VS Code\bin;C:\Program Files\JetBrains\IntelliJ IDEA 2021.1.3\bin;.;C:\Program Files\JetBrains\PyCharm 2021.1.3\bin;.;C:\Users\bitcamp\AppData\Roaming\npm;C:\Users\bitcamp\AppData\Roaming\Python\Python38\site-packages\scipy\.libs;C:\Users\bitcamp\AppData\Roaming\Python\Python38\site-packages\scipy\.libs
USERNAME=bitcamp
OS=Windows_NT
PROCESSOR_IDENTIFIER=Intel64 Family 6 Model 158 Stepping 13, GenuineIntel



---------------  S Y S T E M  ---------------

OS: Windows 10 , 64 bit Build 19041 (10.0.19041.1202)

CPU:total 8 (initial active 8) (8 cores per cpu, 1 threads per core) family 6 model 158 stepping 13, cmov, cx8, fxsr, mmx, sse, sse2, sse3, ssse3, sse4.1, sse4.2, popcnt, avx, avx2, aes, clmul, erms, 3dnowpref, lzcnt, tsc, tscinvbit, bmi1, bmi2, adx, fma

Memory: 4k page, system-wide physical 16222M (5030M free)
TotalPageFile size 20190M (AvailPageFile size 7142M)
current process WorkingSet (physical memory assigned to process): 329M, peak: 329M
current process commit charge ("private bytes"): 908M, peak: 992M

vm_info: OpenJDK 64-Bit Server VM (11+28) for windows-amd64 JRE (11+28), built on Aug 23 2018 03:04:58 by "mach5one" with MS VC++ 15.5 (VS2017)

END.
