#
# A fatal error has been detected by the Java Runtime Environment:
#
#  Internal Error (t:/workspace/open/src/hotspot/os_cpu/windows_x86/os_windows_x86.cpp:145), pid=9112, tid=14648
#  guarantee(result == EXCEPTION_CONTINUE_EXECUTION) failed: Unexpected result from topLevelExceptionFilter
#
# JRE version: OpenJDK Runtime Environment (11.0+28) (build 11+28)
# Java VM: OpenJDK 64-Bit Server VM (11+28, mixed mode, tiered, compressed oops, g1 gc, windows-amd64)
# No core dump will be written. Minidumps are not enabled by default on client versions of Windows
#
# If you would like to submit a bug report, please visit:
#   http://bugreport.java.com/bugreport/crash.jsp
# The crash happened outside the Java Virtual Machine in native code.
# See problematic frame for where to report the bug.
#

---------------  S U M M A R Y ------------

Command Line: -Dfile.encoding=UTF8 -ea -Xmx1024m 

Host: Intel(R) Core(TM) i7-9700 CPU @ 3.00GHz, 8 cores, 15G,  Windows 10 , 64 bit Build 19041 (10.0.19041.1202)
Time: Mon Oct 18 10:29:35 2021 대한민국 표준시 elapsed time: 0 seconds (0d 0h 0m 0s)

---------------  T H R E A D  ---------------

Current thread (0x0000012fcfaa6800):  JavaThread "Python Reference Queue" daemon [_thread_in_native, id=14648, stack(0x0000001f91310000,0x0000001f91500000)]

Stack: [0x0000001f91310000,0x0000001f91500000]
Native frames: (J=compiled Java code, j=interpreted, Vv=VM code, C=native code)
C  0x00007ffa2efcadaa
C  0x00007ffa2f10852f
C  0x00007ffa2f109b18
C  0x00007ffa2f10a187
C  0x00007ffa2ebf241c
C  0x00007ffa2efca89c
C  [ntdll.dll+0xa20cf]
C  [ntdll.dll+0x51454]
C  [ntdll.dll+0xa0bfe]
C  0x00007ffa2feb735d
C  0x00007ffa2feb7392
C  0x00007ffa2fde3884
C  0x00007ffa2fde6393
C  0x00007ffa2ff848eb
C  [python38.dll+0x16bd9]  dict_dealloc+0x239  (dictobject.c:1990)
C  [python38.dll+0x924e8]  subtype_clear+0xa8  (typeobject.c:1143)
C  [python38.dll+0x90ce0]  delete_garbage+0x50  (gcmodule.c:949)
C  [python38.dll+0x9042d]  collect+0x165  (gcmodule.c:1128)
C  [python38.dll+0x8f18d]  collect_with_callback+0x45  (gcmodule.c:1241)
C  [python38.dll+0xf64c3]  PyGC_Collect+0x63  (gcmodule.c:1834)
C  0x00007ffa2ffdbec0  Java_jpype_ref_JPypeReferenceQueue_wake+0x40  (jp_reference_queue.cpp:60)
C  0x0000012fbb3df037

Java frames: (J=compiled Java code, j=interpreted, Vv=VM code)
j  org.jpype.ref.JPypeReferenceQueue.wake(J)V+0
j  org.jpype.ref.JPypeReferenceQueue$Worker.run()V+49
j  java.lang.Thread.run()V+11 java.base@11
v  ~StubRoutines::call_stub

---------------  P R O C E S S  ---------------

Threads class SMR info:
_java_thread_list=0x0000012fb3126900, length=13, elements={
0x0000012fa62b9000, 0x0000012fa62b6000, 0x0000012fa62ba000, 0x0000012fa62b4800,
0x0000012fa62b5000, 0x0000012fb2be0000, 0x0000012fb2beb000, 0x0000012fa62b6800,
0x0000012fa62b7800, 0x0000012f87595000, 0x0000012fb2d8c800, 0x0000012fb2d8f800,
0x0000012fcfaa6800
}

Java Threads: ( => current thread )
  0x0000012fa62b9000 JavaThread "main" [_thread_in_vm, id=15208, stack(0x0000001f8e2a0000,0x0000001f8e490000)]
  0x0000012fa62b6000 JavaThread "Reference Handler" daemon [_thread_blocked, id=14584, stack(0x0000001f8fbd0000,0x0000001f8fdc0000)]
  0x0000012fa62ba000 JavaThread "Finalizer" daemon [_thread_blocked, id=7232, stack(0x0000001f8fdc0000,0x0000001f8ffb0000)]
  0x0000012fa62b4800 JavaThread "Signal Dispatcher" daemon [_thread_blocked, id=4552, stack(0x0000001f8ffb0000,0x0000001f901a0000)]
  0x0000012fa62b5000 JavaThread "Attach Listener" daemon [_thread_blocked, id=6252, stack(0x0000001f901a0000,0x0000001f90390000)]
  0x0000012fb2be0000 JavaThread "C2 CompilerThread0" daemon [_thread_in_native, id=3832, stack(0x0000001f90390000,0x0000001f90580000)]
  0x0000012fb2beb000 JavaThread "C1 CompilerThread0" daemon [_thread_blocked, id=10952, stack(0x0000001f90580000,0x0000001f90770000)]
  0x0000012fa62b6800 JavaThread "Sweeper thread" daemon [_thread_blocked, id=4772, stack(0x0000001f90770000,0x0000001f90960000)]
  0x0000012fa62b7800 JavaThread "Service Thread" daemon [_thread_blocked, id=4936, stack(0x0000001f90960000,0x0000001f90b50000)]
  0x0000012f87595000 JavaThread "Common-Cleaner" daemon [_thread_blocked, id=13808, stack(0x0000001f90d40000,0x0000001f90f30000)]
  0x0000012fb2d8c800 JavaThread "C2 CompilerThread1" daemon [_thread_blocked, id=2408, stack(0x0000001f90f30000,0x0000001f91120000)]
  0x0000012fb2d8f800 JavaThread "C2 CompilerThread2" daemon [_thread_blocked, id=14600, stack(0x0000001f91120000,0x0000001f91310000)]
=>0x0000012fcfaa6800 JavaThread "Python Reference Queue" daemon [_thread_in_native, id=14648, stack(0x0000001f91310000,0x0000001f91500000)]

Other Threads:
  0x0000012fab5d6000 VMThread "VM Thread" [stack: 0x0000001f8f9e0000,0x0000001f8fbd0000] [id=2628]
  0x0000012fb2d67000 WatcherThread [stack: 0x0000001f90b50000,0x0000001f90d40000] [id=10060]
  0x0000012fac1be800 GCTaskThread "GC Thread#0" [stack: 0x0000001f8f030000,0x0000001f8f220000] [id=14264]
  0x0000012fcfaed800 GCTaskThread "GC Thread#1" [stack: 0x0000001f91500000,0x0000001f916f0000] [id=14644]
  0x0000012fcfaee800 GCTaskThread "GC Thread#2" [stack: 0x0000001f916f0000,0x0000001f918e0000] [id=14656]
  0x0000012fcfaef000 GCTaskThread "GC Thread#3" [stack: 0x0000001f918e0000,0x0000001f91ad0000] [id=14652]
  0x0000012fcfaf0000 GCTaskThread "GC Thread#4" [stack: 0x0000001f91ad0000,0x0000001f91cc0000] [id=14628]
  0x0000012fab5d0000 GCTaskThread "GC Thread#5" [stack: 0x0000001f91cc0000,0x0000001f91eb0000] [id=2020]
  0x0000012fac02d800 ConcurrentGCThread "G1 Main Marker" [stack: 0x0000001f8f220000,0x0000001f8f410000] [id=10348]
  0x0000012fb28c5800 ConcurrentGCThread "G1 Conc#0" [stack: 0x0000001f8f410000,0x0000001f8f600000] [id=11248]
  0x0000012fb29f1800 ConcurrentGCThread "G1 Refine#0" [stack: 0x0000001f8f600000,0x0000001f8f7f0000] [id=7520]
  0x0000012fb29f2000 ConcurrentGCThread "G1 Young RemSet Sampling" [stack: 0x0000001f8f7f0000,0x0000001f8f9e0000] [id=3044]

Threads with active compile tasks:
C2 CompilerThread0 710       4       jdk.internal.jimage.ImageReader$SharedImageReader::lambda$handleModulesSubTree$1 (43 bytes)

VM state:not at safepoint (normal execution)

VM Mutex/Monitor currently owned by a thread: None

Heap address: 0x00000000c0000000, size: 1024 MB, Compressed Oops mode: 32-bit
Narrow klass base: 0x0000000000000000, Narrow klass shift: 3
Compressed class space size: 1073741824 Address: 0x0000000100000000

Heap:
 garbage-first heap   total 139264K, used 23794K [0x00000000c0000000, 0x0000000100000000)
  region size 1024K, 21 young (21504K), 1 survivors (1024K)
 Metaspace       used 9241K, capacity 9435K, committed 9600K, reserved 1058816K
  class space    used 804K, capacity 881K, committed 896K, reserved 1048576K
Heap Regions: E=young(eden), S=young(survivor), O=old, HS=humongous(starts), HC=humongous(continues), CS=collection set, F=free, A=archive, TAMS=top-at-mark-start (previous, next)
|   0|0x00000000c0000000, 0x00000000c00448c8, 0x00000000c0100000| 26%| O|  |TAMS 0x00000000c0000000, 0x00000000c0000000| Untracked 
|   1|0x00000000c0100000, 0x00000000c0200000, 0x00000000c0200000|100%| O|  |TAMS 0x00000000c0100000, 0x00000000c0100000| Untracked 
|   2|0x00000000c0200000, 0x00000000c0269b08, 0x00000000c0300000| 41%| O|  |TAMS 0x00000000c0200000, 0x00000000c0200000| Untracked 
|   3|0x00000000c0300000, 0x00000000c032a350, 0x00000000c0400000| 16%| O|  |TAMS 0x00000000c0300000, 0x00000000c0300000| Untracked 
|   4|0x00000000c0400000, 0x00000000c04386b0, 0x00000000c0500000| 22%| O|  |TAMS 0x00000000c0400000, 0x00000000c0400000| Untracked 
|   5|0x00000000c0500000, 0x00000000c05c9cd0, 0x00000000c0600000| 78%| O|  |TAMS 0x00000000c0500000, 0x00000000c0500000| Untracked 
|   6|0x00000000c0600000, 0x00000000c0689800, 0x00000000c0700000| 53%| O|  |TAMS 0x00000000c0600000, 0x00000000c0600000| Untracked 
|   7|0x00000000c0700000, 0x00000000c0700000, 0x00000000c0800000|  0%| F|  |TAMS 0x00000000c0700000, 0x00000000c0700000| Untracked 
|   8|0x00000000c0800000, 0x00000000c0800000, 0x00000000c0900000|  0%| F|  |TAMS 0x00000000c0800000, 0x00000000c0800000| Untracked 
|   9|0x00000000c0900000, 0x00000000c0900000, 0x00000000c0a00000|  0%| F|  |TAMS 0x00000000c0900000, 0x00000000c0900000| Untracked 
|  10|0x00000000c0a00000, 0x00000000c0a00000, 0x00000000c0b00000|  0%| F|  |TAMS 0x00000000c0a00000, 0x00000000c0a00000| Untracked 
|  11|0x00000000c0b00000, 0x00000000c0bd86e8, 0x00000000c0c00000| 84%| S|CS|TAMS 0x00000000c0b00000, 0x00000000c0b00000| Complete 
|  12|0x00000000c0c00000, 0x00000000c0c00000, 0x00000000c0d00000|  0%| F|  |TAMS 0x00000000c0c00000, 0x00000000c0c00000| Untracked 
|  13|0x00000000c0d00000, 0x00000000c0d00000, 0x00000000c0e00000|  0%| F|  |TAMS 0x00000000c0d00000, 0x00000000c0d00000| Untracked 
|  14|0x00000000c0e00000, 0x00000000c0e00000, 0x00000000c0f00000|  0%| F|  |TAMS 0x00000000c0e00000, 0x00000000c0e00000| Untracked 
|  15|0x00000000c0f00000, 0x00000000c0f00000, 0x00000000c1000000|  0%| F|  |TAMS 0x00000000c0f00000, 0x00000000c0f00000| Untracked 
|  16|0x00000000c1000000, 0x00000000c1000000, 0x00000000c1100000|  0%| F|  |TAMS 0x00000000c1000000, 0x00000000c1000000| Untracked 
|  17|0x00000000c1100000, 0x00000000c1100000, 0x00000000c1200000|  0%| F|  |TAMS 0x00000000c1100000, 0x00000000c1100000| Untracked 
|  18|0x00000000c1200000, 0x00000000c1200000, 0x00000000c1300000|  0%| F|  |TAMS 0x00000000c1200000, 0x00000000c1200000| Untracked 
|  19|0x00000000c1300000, 0x00000000c1300000, 0x00000000c1400000|  0%| F|  |TAMS 0x00000000c1300000, 0x00000000c1300000| Untracked 
|  20|0x00000000c1400000, 0x00000000c1400000, 0x00000000c1500000|  0%| F|  |TAMS 0x00000000c1400000, 0x00000000c1400000| Untracked 
|  21|0x00000000c1500000, 0x00000000c1500000, 0x00000000c1600000|  0%| F|  |TAMS 0x00000000c1500000, 0x00000000c1500000| Untracked 
|  22|0x00000000c1600000, 0x00000000c1600000, 0x00000000c1700000|  0%| F|  |TAMS 0x00000000c1600000, 0x00000000c1600000| Untracked 
|  23|0x00000000c1700000, 0x00000000c1700000, 0x00000000c1800000|  0%| F|  |TAMS 0x00000000c1700000, 0x00000000c1700000| Untracked 
|  24|0x00000000c1800000, 0x00000000c1800000, 0x00000000c1900000|  0%| F|  |TAMS 0x00000000c1800000, 0x00000000c1800000| Untracked 
|  25|0x00000000c1900000, 0x00000000c1900000, 0x00000000c1a00000|  0%| F|  |TAMS 0x00000000c1900000, 0x00000000c1900000| Untracked 
|  26|0x00000000c1a00000, 0x00000000c1a00000, 0x00000000c1b00000|  0%| F|  |TAMS 0x00000000c1a00000, 0x00000000c1a00000| Untracked 
|  27|0x00000000c1b00000, 0x00000000c1b00000, 0x00000000c1c00000|  0%| F|  |TAMS 0x00000000c1b00000, 0x00000000c1b00000| Untracked 
|  28|0x00000000c1c00000, 0x00000000c1c00000, 0x00000000c1d00000|  0%| F|  |TAMS 0x00000000c1c00000, 0x00000000c1c00000| Untracked 
|  29|0x00000000c1d00000, 0x00000000c1d00000, 0x00000000c1e00000|  0%| F|  |TAMS 0x00000000c1d00000, 0x00000000c1d00000| Untracked 
|  30|0x00000000c1e00000, 0x00000000c1e00000, 0x00000000c1f00000|  0%| F|  |TAMS 0x00000000c1e00000, 0x00000000c1e00000| Untracked 
|  31|0x00000000c1f00000, 0x00000000c1f00000, 0x00000000c2000000|  0%| F|  |TAMS 0x00000000c1f00000, 0x00000000c1f00000| Untracked 
|  32|0x00000000c2000000, 0x00000000c2000000, 0x00000000c2100000|  0%| F|  |TAMS 0x00000000c2000000, 0x00000000c2000000| Untracked 
|  33|0x00000000c2100000, 0x00000000c2100000, 0x00000000c2200000|  0%| F|  |TAMS 0x00000000c2100000, 0x00000000c2100000| Untracked 
|  34|0x00000000c2200000, 0x00000000c2200000, 0x00000000c2300000|  0%| F|  |TAMS 0x00000000c2200000, 0x00000000c2200000| Untracked 
|  35|0x00000000c2300000, 0x00000000c2300000, 0x00000000c2400000|  0%| F|  |TAMS 0x00000000c2300000, 0x00000000c2300000| Untracked 
|  36|0x00000000c2400000, 0x00000000c2400000, 0x00000000c2500000|  0%| F|  |TAMS 0x00000000c2400000, 0x00000000c2400000| Untracked 
|  37|0x00000000c2500000, 0x00000000c2500000, 0x00000000c2600000|  0%| F|  |TAMS 0x00000000c2500000, 0x00000000c2500000| Untracked 
|  38|0x00000000c2600000, 0x00000000c2600000, 0x00000000c2700000|  0%| F|  |TAMS 0x00000000c2600000, 0x00000000c2600000| Untracked 
|  39|0x00000000c2700000, 0x00000000c2700000, 0x00000000c2800000|  0%| F|  |TAMS 0x00000000c2700000, 0x00000000c2700000| Untracked 
|  40|0x00000000c2800000, 0x00000000c2800000, 0x00000000c2900000|  0%| F|  |TAMS 0x00000000c2800000, 0x00000000c2800000| Untracked 
|  41|0x00000000c2900000, 0x00000000c2900000, 0x00000000c2a00000|  0%| F|  |TAMS 0x00000000c2900000, 0x00000000c2900000| Untracked 
|  42|0x00000000c2a00000, 0x00000000c2a00000, 0x00000000c2b00000|  0%| F|  |TAMS 0x00000000c2a00000, 0x00000000c2a00000| Untracked 
|  43|0x00000000c2b00000, 0x00000000c2b00000, 0x00000000c2c00000|  0%| F|  |TAMS 0x00000000c2b00000, 0x00000000c2b00000| Untracked 
|  44|0x00000000c2c00000, 0x00000000c2c00000, 0x00000000c2d00000|  0%| F|  |TAMS 0x00000000c2c00000, 0x00000000c2c00000| Untracked 
|  45|0x00000000c2d00000, 0x00000000c2d00000, 0x00000000c2e00000|  0%| F|  |TAMS 0x00000000c2d00000, 0x00000000c2d00000| Untracked 
|  46|0x00000000c2e00000, 0x00000000c2e00000, 0x00000000c2f00000|  0%| F|  |TAMS 0x00000000c2e00000, 0x00000000c2e00000| Untracked 
|  47|0x00000000c2f00000, 0x00000000c2f00000, 0x00000000c3000000|  0%| F|  |TAMS 0x00000000c2f00000, 0x00000000c2f00000| Untracked 
|  48|0x00000000c3000000, 0x00000000c3000000, 0x00000000c3100000|  0%| F|  |TAMS 0x00000000c3000000, 0x00000000c3000000| Untracked 
|  49|0x00000000c3100000, 0x00000000c3100000, 0x00000000c3200000|  0%| F|  |TAMS 0x00000000c3100000, 0x00000000c3100000| Untracked 
|  50|0x00000000c3200000, 0x00000000c3200000, 0x00000000c3300000|  0%| F|  |TAMS 0x00000000c3200000, 0x00000000c3200000| Untracked 
|  51|0x00000000c3300000, 0x00000000c3300000, 0x00000000c3400000|  0%| F|  |TAMS 0x00000000c3300000, 0x00000000c3300000| Untracked 
|  52|0x00000000c3400000, 0x00000000c3400000, 0x00000000c3500000|  0%| F|  |TAMS 0x00000000c3400000, 0x00000000c3400000| Untracked 
|  53|0x00000000c3500000, 0x00000000c3500000, 0x00000000c3600000|  0%| F|  |TAMS 0x00000000c3500000, 0x00000000c3500000| Untracked 
|  54|0x00000000c3600000, 0x00000000c3600000, 0x00000000c3700000|  0%| F|  |TAMS 0x00000000c3600000, 0x00000000c3600000| Untracked 
|  55|0x00000000c3700000, 0x00000000c3700000, 0x00000000c3800000|  0%| F|  |TAMS 0x00000000c3700000, 0x00000000c3700000| Untracked 
|  56|0x00000000c3800000, 0x00000000c3800000, 0x00000000c3900000|  0%| F|  |TAMS 0x00000000c3800000, 0x00000000c3800000| Untracked 
|  57|0x00000000c3900000, 0x00000000c3900000, 0x00000000c3a00000|  0%| F|  |TAMS 0x00000000c3900000, 0x00000000c3900000| Untracked 
|  58|0x00000000c3a00000, 0x00000000c3a00000, 0x00000000c3b00000|  0%| F|  |TAMS 0x00000000c3a00000, 0x00000000c3a00000| Untracked 
|  59|0x00000000c3b00000, 0x00000000c3b00000, 0x00000000c3c00000|  0%| F|  |TAMS 0x00000000c3b00000, 0x00000000c3b00000| Untracked 
|  60|0x00000000c3c00000, 0x00000000c3c00000, 0x00000000c3d00000|  0%| F|  |TAMS 0x00000000c3c00000, 0x00000000c3c00000| Untracked 
|  61|0x00000000c3d00000, 0x00000000c3d00000, 0x00000000c3e00000|  0%| F|  |TAMS 0x00000000c3d00000, 0x00000000c3d00000| Untracked 
|  62|0x00000000c3e00000, 0x00000000c3e00000, 0x00000000c3f00000|  0%| F|  |TAMS 0x00000000c3e00000, 0x00000000c3e00000| Untracked 
|  63|0x00000000c3f00000, 0x00000000c3f00000, 0x00000000c4000000|  0%| F|  |TAMS 0x00000000c3f00000, 0x00000000c3f00000| Untracked 
|  64|0x00000000c4000000, 0x00000000c4000000, 0x00000000c4100000|  0%| F|  |TAMS 0x00000000c4000000, 0x00000000c4000000| Untracked 
|  65|0x00000000c4100000, 0x00000000c4100000, 0x00000000c4200000|  0%| F|  |TAMS 0x00000000c4100000, 0x00000000c4100000| Untracked 
|  66|0x00000000c4200000, 0x00000000c4200000, 0x00000000c4300000|  0%| F|  |TAMS 0x00000000c4200000, 0x00000000c4200000| Untracked 
|  67|0x00000000c4300000, 0x00000000c4300000, 0x00000000c4400000|  0%| F|  |TAMS 0x00000000c4300000, 0x00000000c4300000| Untracked 
|  68|0x00000000c4400000, 0x00000000c4400000, 0x00000000c4500000|  0%| F|  |TAMS 0x00000000c4400000, 0x00000000c4400000| Untracked 
|  69|0x00000000c4500000, 0x00000000c4500000, 0x00000000c4600000|  0%| F|  |TAMS 0x00000000c4500000, 0x00000000c4500000| Untracked 
|  70|0x00000000c4600000, 0x00000000c4600000, 0x00000000c4700000|  0%| F|  |TAMS 0x00000000c4600000, 0x00000000c4600000| Untracked 
|  71|0x00000000c4700000, 0x00000000c4700000, 0x00000000c4800000|  0%| F|  |TAMS 0x00000000c4700000, 0x00000000c4700000| Untracked 
|  72|0x00000000c4800000, 0x00000000c4800000, 0x00000000c4900000|  0%| F|  |TAMS 0x00000000c4800000, 0x00000000c4800000| Untracked 
|  73|0x00000000c4900000, 0x00000000c4900000, 0x00000000c4a00000|  0%| F|  |TAMS 0x00000000c4900000, 0x00000000c4900000| Untracked 
|  74|0x00000000c4a00000, 0x00000000c4a00000, 0x00000000c4b00000|  0%| F|  |TAMS 0x00000000c4a00000, 0x00000000c4a00000| Untracked 
|  75|0x00000000c4b00000, 0x00000000c4b00000, 0x00000000c4c00000|  0%| F|  |TAMS 0x00000000c4b00000, 0x00000000c4b00000| Untracked 
|  76|0x00000000c4c00000, 0x00000000c4c00000, 0x00000000c4d00000|  0%| F|  |TAMS 0x00000000c4c00000, 0x00000000c4c00000| Untracked 
|  77|0x00000000c4d00000, 0x00000000c4d00000, 0x00000000c4e00000|  0%| F|  |TAMS 0x00000000c4d00000, 0x00000000c4d00000| Untracked 
|  78|0x00000000c4e00000, 0x00000000c4e00000, 0x00000000c4f00000|  0%| F|  |TAMS 0x00000000c4e00000, 0x00000000c4e00000| Untracked 
|  79|0x00000000c4f00000, 0x00000000c4f00000, 0x00000000c5000000|  0%| F|  |TAMS 0x00000000c4f00000, 0x00000000c4f00000| Untracked 
|  80|0x00000000c5000000, 0x00000000c5000000, 0x00000000c5100000|  0%| F|  |TAMS 0x00000000c5000000, 0x00000000c5000000| Untracked 
|  81|0x00000000c5100000, 0x00000000c5100000, 0x00000000c5200000|  0%| F|  |TAMS 0x00000000c5100000, 0x00000000c5100000| Untracked 
|  82|0x00000000c5200000, 0x00000000c5200000, 0x00000000c5300000|  0%| F|  |TAMS 0x00000000c5200000, 0x00000000c5200000| Untracked 
|  83|0x00000000c5300000, 0x00000000c5300000, 0x00000000c5400000|  0%| F|  |TAMS 0x00000000c5300000, 0x00000000c5300000| Untracked 
|  84|0x00000000c5400000, 0x00000000c5400000, 0x00000000c5500000|  0%| F|  |TAMS 0x00000000c5400000, 0x00000000c5400000| Untracked 
|  85|0x00000000c5500000, 0x00000000c5500000, 0x00000000c5600000|  0%| F|  |TAMS 0x00000000c5500000, 0x00000000c5500000| Untracked 
|  86|0x00000000c5600000, 0x00000000c5600000, 0x00000000c5700000|  0%| F|  |TAMS 0x00000000c5600000, 0x00000000c5600000| Untracked 
|  87|0x00000000c5700000, 0x00000000c5700000, 0x00000000c5800000|  0%| F|  |TAMS 0x00000000c5700000, 0x00000000c5700000| Untracked 
|  88|0x00000000c5800000, 0x00000000c5800000, 0x00000000c5900000|  0%| F|  |TAMS 0x00000000c5800000, 0x00000000c5800000| Untracked 
|  89|0x00000000c5900000, 0x00000000c5900000, 0x00000000c5a00000|  0%| F|  |TAMS 0x00000000c5900000, 0x00000000c5900000| Untracked 
|  90|0x00000000c5a00000, 0x00000000c5a00000, 0x00000000c5b00000|  0%| F|  |TAMS 0x00000000c5a00000, 0x00000000c5a00000| Untracked 
|  91|0x00000000c5b00000, 0x00000000c5b00000, 0x00000000c5c00000|  0%| F|  |TAMS 0x00000000c5b00000, 0x00000000c5b00000| Untracked 
|  92|0x00000000c5c00000, 0x00000000c5c00000, 0x00000000c5d00000|  0%| F|  |TAMS 0x00000000c5c00000, 0x00000000c5c00000| Untracked 
|  93|0x00000000c5d00000, 0x00000000c5d00000, 0x00000000c5e00000|  0%| F|  |TAMS 0x00000000c5d00000, 0x00000000c5d00000| Untracked 
|  94|0x00000000c5e00000, 0x00000000c5e00000, 0x00000000c5f00000|  0%| F|  |TAMS 0x00000000c5e00000, 0x00000000c5e00000| Untracked 
|  95|0x00000000c5f00000, 0x00000000c5f00000, 0x00000000c6000000|  0%| F|  |TAMS 0x00000000c5f00000, 0x00000000c5f00000| Untracked 
|  96|0x00000000c6000000, 0x00000000c6000000, 0x00000000c6100000|  0%| F|  |TAMS 0x00000000c6000000, 0x00000000c6000000| Untracked 
|  97|0x00000000c6100000, 0x00000000c6100000, 0x00000000c6200000|  0%| F|  |TAMS 0x00000000c6100000, 0x00000000c6100000| Untracked 
|  98|0x00000000c6200000, 0x00000000c6200000, 0x00000000c6300000|  0%| F|  |TAMS 0x00000000c6200000, 0x00000000c6200000| Untracked 
|  99|0x00000000c6300000, 0x00000000c6300000, 0x00000000c6400000|  0%| F|  |TAMS 0x00000000c6300000, 0x00000000c6300000| Untracked 
| 100|0x00000000c6400000, 0x00000000c6400000, 0x00000000c6500000|  0%| F|  |TAMS 0x00000000c6400000, 0x00000000c6400000| Untracked 
| 101|0x00000000c6500000, 0x00000000c6500000, 0x00000000c6600000|  0%| F|  |TAMS 0x00000000c6500000, 0x00000000c6500000| Untracked 
| 102|0x00000000c6600000, 0x00000000c6600000, 0x00000000c6700000|  0%| F|  |TAMS 0x00000000c6600000, 0x00000000c6600000| Untracked 
| 103|0x00000000c6700000, 0x00000000c6700000, 0x00000000c6800000|  0%| F|  |TAMS 0x00000000c6700000, 0x00000000c6700000| Untracked 
| 104|0x00000000c6800000, 0x00000000c6800000, 0x00000000c6900000|  0%| F|  |TAMS 0x00000000c6800000, 0x00000000c6800000| Untracked 
| 105|0x00000000c6900000, 0x00000000c6900000, 0x00000000c6a00000|  0%| F|  |TAMS 0x00000000c6900000, 0x00000000c6900000| Untracked 
| 106|0x00000000c6a00000, 0x00000000c6a00000, 0x00000000c6b00000|  0%| F|  |TAMS 0x00000000c6a00000, 0x00000000c6a00000| Untracked 
| 107|0x00000000c6b00000, 0x00000000c6b00000, 0x00000000c6c00000|  0%| F|  |TAMS 0x00000000c6b00000, 0x00000000c6b00000| Untracked 
| 108|0x00000000c6c00000, 0x00000000c6c00000, 0x00000000c6d00000|  0%| F|  |TAMS 0x00000000c6c00000, 0x00000000c6c00000| Untracked 
| 109|0x00000000c6d00000, 0x00000000c6d00000, 0x00000000c6e00000|  0%| F|  |TAMS 0x00000000c6d00000, 0x00000000c6d00000| Untracked 
| 110|0x00000000c6e00000, 0x00000000c6e00000, 0x00000000c6f00000|  0%| F|  |TAMS 0x00000000c6e00000, 0x00000000c6e00000| Untracked 
| 111|0x00000000c6f00000, 0x00000000c6f00000, 0x00000000c7000000|  0%| F|  |TAMS 0x00000000c6f00000, 0x00000000c6f00000| Untracked 
| 112|0x00000000c7000000, 0x00000000c7000000, 0x00000000c7100000|  0%| F|  |TAMS 0x00000000c7000000, 0x00000000c7000000| Untracked 
| 113|0x00000000c7100000, 0x00000000c7100000, 0x00000000c7200000|  0%| F|  |TAMS 0x00000000c7100000, 0x00000000c7100000| Untracked 
| 114|0x00000000c7200000, 0x00000000c7200000, 0x00000000c7300000|  0%| F|  |TAMS 0x00000000c7200000, 0x00000000c7200000| Untracked 
| 115|0x00000000c7300000, 0x00000000c7380800, 0x00000000c7400000| 50%| E|  |TAMS 0x00000000c7300000, 0x00000000c7300000| Complete 
| 116|0x00000000c7400000, 0x00000000c7500000, 0x00000000c7500000|100%| E|CS|TAMS 0x00000000c7400000, 0x00000000c7400000| Complete 
| 117|0x00000000c7500000, 0x00000000c7600000, 0x00000000c7600000|100%| E|CS|TAMS 0x00000000c7500000, 0x00000000c7500000| Complete 
| 118|0x00000000c7600000, 0x00000000c7700000, 0x00000000c7700000|100%| E|CS|TAMS 0x00000000c7600000, 0x00000000c7600000| Complete 
| 119|0x00000000c7700000, 0x00000000c7800000, 0x00000000c7800000|100%| E|CS|TAMS 0x00000000c7700000, 0x00000000c7700000| Complete 
| 120|0x00000000c7800000, 0x00000000c7900000, 0x00000000c7900000|100%| E|CS|TAMS 0x00000000c7800000, 0x00000000c7800000| Complete 
| 121|0x00000000c7900000, 0x00000000c7a00000, 0x00000000c7a00000|100%| E|CS|TAMS 0x00000000c7900000, 0x00000000c7900000| Complete 
| 122|0x00000000c7a00000, 0x00000000c7b00000, 0x00000000c7b00000|100%| E|CS|TAMS 0x00000000c7a00000, 0x00000000c7a00000| Complete 
| 123|0x00000000c7b00000, 0x00000000c7c00000, 0x00000000c7c00000|100%| E|CS|TAMS 0x00000000c7b00000, 0x00000000c7b00000| Complete 
| 124|0x00000000c7c00000, 0x00000000c7d00000, 0x00000000c7d00000|100%| E|CS|TAMS 0x00000000c7c00000, 0x00000000c7c00000| Complete 
| 125|0x00000000c7d00000, 0x00000000c7e00000, 0x00000000c7e00000|100%| E|CS|TAMS 0x00000000c7d00000, 0x00000000c7d00000| Complete 
| 126|0x00000000c7e00000, 0x00000000c7f00000, 0x00000000c7f00000|100%| E|CS|TAMS 0x00000000c7e00000, 0x00000000c7e00000| Complete 
| 127|0x00000000c7f00000, 0x00000000c8000000, 0x00000000c8000000|100%| E|CS|TAMS 0x00000000c7f00000, 0x00000000c7f00000| Complete 
| 128|0x00000000c8000000, 0x00000000c8100000, 0x00000000c8100000|100%| E|CS|TAMS 0x00000000c8000000, 0x00000000c8000000| Complete 
| 129|0x00000000c8100000, 0x00000000c8200000, 0x00000000c8200000|100%| E|CS|TAMS 0x00000000c8100000, 0x00000000c8100000| Complete 
| 130|0x00000000c8200000, 0x00000000c8300000, 0x00000000c8300000|100%| E|CS|TAMS 0x00000000c8200000, 0x00000000c8200000| Complete 
| 131|0x00000000c8300000, 0x00000000c8400000, 0x00000000c8400000|100%| E|CS|TAMS 0x00000000c8300000, 0x00000000c8300000| Complete 
| 132|0x00000000c8400000, 0x00000000c8500000, 0x00000000c8500000|100%| E|CS|TAMS 0x00000000c8400000, 0x00000000c8400000| Complete 
| 133|0x00000000c8500000, 0x00000000c8600000, 0x00000000c8600000|100%| E|CS|TAMS 0x00000000c8500000, 0x00000000c8500000| Complete 
| 134|0x00000000c8600000, 0x00000000c8700000, 0x00000000c8700000|100%| E|CS|TAMS 0x00000000c8600000, 0x00000000c8600000| Complete 
| 135|0x00000000c8700000, 0x00000000c8800000, 0x00000000c8800000|100%| E|CS|TAMS 0x00000000c8700000, 0x00000000c8700000| Complete 

Card table byte_map: [0x0000012fca5d0000,0x0000012fca7d0000] _byte_map_base: 0x0000012fc9fd0000

Marking Bits (Prev, Next): (CMBitMap*) 0x0000012fab65def8, (CMBitMap*) 0x0000012fab65df30
 Prev Bits: [0x0000012fca9d0000, 0x0000012fcb9d0000)
 Next Bits: [0x0000012fcb9d0000, 0x0000012fcc9d0000)

Polling page: 0x0000012fae5a0000

Metaspace:

Usage:
  Non-class:      8.42 MB capacity,     8.27 MB ( 98%) used,   143.92 KB (  2%) free+waste,     8.00 KB ( <1%) overhead. 
      Class:    881.00 KB capacity,   804.54 KB ( 91%) used,    73.34 KB (  8%) free+waste,     3.13 KB ( <1%) overhead. 
       Both:      9.28 MB capacity,     9.05 MB ( 98%) used,   217.26 KB (  2%) free+waste,    11.13 KB ( <1%) overhead. 

Virtual space:
  Non-class space:       10.00 MB reserved,       8.50 MB ( 85%) committed 
      Class space:        1.00 GB reserved,     896.00 KB ( <1%) committed 
             Both:        1.01 GB reserved,       9.38 MB ( <1%) committed 

Chunk freelists:
   Non-Class:  2.75 KB
       Class:  1.88 KB
        Both:  4.63 KB

CodeHeap 'non-profiled nmethods': size=120000Kb used=401Kb max_used=401Kb free=119598Kb
 bounds [0x0000012fc2ea0000, 0x0000012fc3110000, 0x0000012fca3d0000]
CodeHeap 'profiled nmethods': size=120000Kb used=1683Kb max_used=1683Kb free=118316Kb
 bounds [0x0000012fbb970000, 0x0000012fbbbe0000, 0x0000012fc2ea0000]
CodeHeap 'non-nmethods': size=5760Kb used=1072Kb max_used=1102Kb free=4687Kb
 bounds [0x0000012fbb3d0000, 0x0000012fbb640000, 0x0000012fbb970000]
 total_blobs=1566 nmethods=913 adapters=279
 compilation: enabled
              stopped_count=0, restarted_count=0
 full_count=0

Compilation events (10 events):
Event: 0.208 Thread 0x0000012fb2d8f800 nmethod 408 0x0000012fc2ec3a10 code [0x0000012fc2ec3c20, 0x0000012fc2ec4520]
Event: 0.208 Thread 0x0000012fb2beb000  429       3       java.util.LinkedList::unlink (91 bytes)
Event: 0.208 Thread 0x0000012fb2beb000 nmethod 429 0x0000012fbba22390 code [0x0000012fbba22560, 0x0000012fbba22998]
Event: 0.208 Thread 0x0000012fb2beb000  430       3       java.util.LinkedList$ListItr::remove (84 bytes)
Event: 0.209 Thread 0x0000012fb2beb000 nmethod 430 0x0000012fbba22b10 code [0x0000012fbba22d20, 0x0000012fbba23190]
Event: 0.209 Thread 0x0000012fb2beb000  424       3       java.lang.reflect.Modifier::toString (185 bytes)
Event: 0.209 Thread 0x0000012fb2beb000 nmethod 424 0x0000012fbba23390 code [0x0000012fbba23640, 0x0000012fbba23ee0]
Event: 0.209 Thread 0x0000012fb2beb000  428       1       java.lang.Class::getAnnotationType (5 bytes)
Event: 0.209 Thread 0x0000012fb2beb000 nmethod 428 0x0000012fc2ec4b10 code [0x0000012fc2ec4cc0, 0x0000012fc2ec4dd8]
Event: 0.211 Thread 0x0000012fb2d8c800 nmethod 418 0x0000012fc2ec4e90 code [0x0000012fc2ec5060, 0x0000012fc2ec5738]

GC Heap History (2 events):
Event: 0.203 GC heap before
{Heap before GC invocations=0 (full 0):
 garbage-first heap   total 260096K, used 4096K [0x00000000c0000000, 0x0000000100000000)
  region size 1024K, 6 young (6144K), 0 survivors (0K)
 Metaspace       used 6700K, capacity 6841K, committed 7040K, reserved 1056768K
  class space    used 581K, capacity 636K, committed 640K, reserved 1048576K
}
Event: 0.208 GC heap after
{Heap after GC invocations=1 (full 1):
 garbage-first heap   total 17408K, used 1898K [0x00000000c0000000, 0x0000000100000000)
  region size 1024K, 0 young (0K), 0 survivors (0K)
 Metaspace       used 6700K, capacity 6841K, committed 7040K, reserved 1056768K
  class space    used 581K, capacity 636K, committed 640K, reserved 1048576K
}

Deoptimization events (7 events):
Event: 0.084 Thread 0x0000012fa62b9000 Uncommon trap: reason=unstable_if action=reinterpret pc=0x0000012fc2ea526c method=java.lang.String.hashCode()I @ 14 c2
Event: 0.103 Thread 0x0000012fa62b9000 Uncommon trap: reason=unstable_if action=reinterpret pc=0x0000012fc2ea7310 method=java.util.zip.ZipInputStream.read([BII)I @ 50 c2
Event: 0.110 Thread 0x0000012fa62b9000 Uncommon trap: reason=unstable_if action=reinterpret pc=0x0000012fc2eab5c8 method=java.util.zip.ZipInputStream.read([BII)I @ 50 c2
Event: 0.195 Thread 0x0000012fa62b9000 Uncommon trap: reason=profile_predicate action=maybe_recompile pc=0x0000012fc2ec0470 method=java.lang.PublicMethods$MethodList.filter([Ljava/lang/reflect/Method;Ljava/lang/String;[Ljava/lang/Class;Z)Ljava/lang/PublicMethods$MethodList; @ 21 c2
Event: 0.195 Thread 0x0000012fa62b9000 Uncommon trap: reason=profile_predicate action=maybe_recompile pc=0x0000012fc2ec0470 method=java.lang.PublicMethods$MethodList.filter([Ljava/lang/reflect/Method;Ljava/lang/String;[Ljava/lang/Class;Z)Ljava/lang/PublicMethods$MethodList; @ 21 c2
Event: 0.195 Thread 0x0000012fa62b9000 Uncommon trap: reason=profile_predicate action=maybe_recompile pc=0x0000012fc2ec0470 method=java.lang.PublicMethods$MethodList.filter([Ljava/lang/reflect/Method;Ljava/lang/String;[Ljava/lang/Class;Z)Ljava/lang/PublicMethods$MethodList; @ 21 c2
Event: 0.196 Thread 0x0000012fa62b9000 Uncommon trap: reason=profile_predicate action=maybe_recompile pc=0x0000012fc2ec0470 method=java.lang.PublicMethods$MethodList.filter([Ljava/lang/reflect/Method;Ljava/lang/String;[Ljava/lang/Class;Z)Ljava/lang/PublicMethods$MethodList; @ 21 c2

Classes redefined (0 events):
No events

Internal exceptions (2 events):
Event: 0.062 Thread 0x0000012fa62b9000 Exception <a 'java/io/IOException'{0x00000000cfc13b20}: Bad pathname> (0x00000000cfc13b20) thrown at [t:/workspace/open/src/hotspot/share/prims/jni.cpp, line 636]
Event: 0.064 Thread 0x0000012fa62b9000 Exception <a 'java/io/IOException'{0x00000000cfc1a410}: Bad pathname> (0x00000000cfc1a410) thrown at [t:/workspace/open/src/hotspot/share/prims/jni.cpp, line 636]

Events (10 events):
Event: 0.195 Thread 0x0000012fa62b9000 DEOPT UNPACKING pc=0x0000012fbb3f8f2f sp=0x0000001f8e483d88 mode 2
Event: 0.196 Thread 0x0000012fa62b9000 Uncommon trap: trap_request=0xffffffbe fr.pc=0x0000012fc2ec0470 relative=0x0000000000000590
Event: 0.196 Thread 0x0000012fa62b9000 DEOPT PACKING pc=0x0000012fc2ec0470 sp=0x0000001f8e483df0
Event: 0.196 Thread 0x0000012fa62b9000 DEOPT UNPACKING pc=0x0000012fbb3f8f2f sp=0x0000001f8e483d88 mode 2
Event: 0.196 loading class java/io/ObjectStreamException
Event: 0.196 loading class java/io/ObjectStreamException done
Event: 0.201 loading class java/lang/Short$ShortCache
Event: 0.201 loading class java/lang/Short$ShortCache done
Event: 0.203 Executing VM operation: G1CollectFull
Event: 0.208 Executing VM operation: G1CollectFull done


Dynamic libraries:
0x00007ff6dd980000 - 0x00007ff6dd99c000 	C:\Users\bitcamp\.conda\envs\venv\python.exe
0x00007ffaa00b0000 - 0x00007ffaa02a5000 	C:\WINDOWS\SYSTEM32\ntdll.dll
0x00007ffa9f840000 - 0x00007ffa9f8fe000 	C:\WINDOWS\System32\KERNEL32.DLL
0x00007ffa9da10000 - 0x00007ffa9dcd9000 	C:\WINDOWS\System32\KERNELBASE.dll
0x00007ffa9dce0000 - 0x00007ffa9dde0000 	C:\WINDOWS\System32\ucrtbase.dll
0x00007ffa85440000 - 0x00007ffa85459000 	C:\Users\bitcamp\.conda\envs\venv\VCRUNTIME140.dll
0x00007ffa33660000 - 0x00007ffa33a92000 	C:\Users\bitcamp\.conda\envs\venv\python38.dll
0x00007ffa9f720000 - 0x00007ffa9f775000 	C:\WINDOWS\System32\SHLWAPI.dll
0x00007ffa9fb60000 - 0x00007ffa9fbfe000 	C:\WINDOWS\System32\msvcrt.dll
0x00007ffa986f0000 - 0x00007ffa986fa000 	C:\WINDOWS\SYSTEM32\VERSION.dll
0x00007ffa9f420000 - 0x00007ffa9f48b000 	C:\WINDOWS\System32\WS2_32.dll
0x00007ffa9e110000 - 0x00007ffa9e23a000 	C:\WINDOWS\System32\RPCRT4.dll
0x00007ffa9f900000 - 0x00007ffa9f9ac000 	C:\WINDOWS\System32\ADVAPI32.dll
0x00007ffa9f550000 - 0x00007ffa9f5eb000 	C:\WINDOWS\System32\sechost.dll
0x00007ffa9d0f0000 - 0x00007ffa9d108000 	C:\WINDOWS\SYSTEM32\CRYPTSP.dll
0x00007ffa9c7f0000 - 0x00007ffa9c824000 	C:\WINDOWS\system32\rsaenh.dll
0x00007ffa9d880000 - 0x00007ffa9d8a7000 	C:\WINDOWS\System32\bcrypt.dll
0x00007ffa9d0e0000 - 0x00007ffa9d0ec000 	C:\WINDOWS\SYSTEM32\CRYPTBASE.dll
0x00007ffa9e070000 - 0x00007ffa9e0f3000 	C:\WINDOWS\System32\bcryptPrimitives.dll
0x00007ffa99190000 - 0x00007ffa9919f000 	C:\Users\bitcamp\.conda\envs\venv\python3.DLL
0x00007ffa853d0000 - 0x00007ffa853e7000 	C:\Users\bitcamp\.conda\envs\venv\DLLs\_bz2.pyd
0x00007ffa853a0000 - 0x00007ffa853ca000 	C:\Users\bitcamp\.conda\envs\venv\DLLs\_lzma.pyd
0x00007ffa85380000 - 0x00007ffa85396000 	C:\Users\bitcamp\.conda\envs\venv\DLLs\_socket.pyd
0x00007ffa9cbe0000 - 0x00007ffa9cc1b000 	C:\WINDOWS\SYSTEM32\IPHLPAPI.DLL
0x00007ffa85430000 - 0x00007ffa85439000 	C:\Users\bitcamp\.conda\envs\venv\DLLs\select.pyd
0x00007ffa85350000 - 0x00007ffa85377000 	C:\Users\bitcamp\.conda\envs\venv\DLLs\_ssl.pyd
0x00007ffa9d8b0000 - 0x00007ffa9da06000 	C:\WINDOWS\System32\CRYPT32.dll
0x00007ffa6f880000 - 0x00007ffa6f92c000 	C:\Users\bitcamp\.conda\envs\venv\Library\bin\libssl-1_1-x64.dll
0x00007ffa6f530000 - 0x00007ffa6f87c000 	C:\Users\bitcamp\.conda\envs\venv\Library\bin\libcrypto-1_1-x64.dll
0x00007ffa9f9b0000 - 0x00007ffa9fb51000 	C:\WINDOWS\System32\USER32.dll
0x00007ffa9df40000 - 0x00007ffa9df62000 	C:\WINDOWS\System32\win32u.dll
0x00007ffa9f780000 - 0x00007ffa9f7ab000 	C:\WINDOWS\System32\GDI32.dll
0x00007ffa9de30000 - 0x00007ffa9df3b000 	C:\WINDOWS\System32\gdi32full.dll
0x00007ffa9dfd0000 - 0x00007ffa9e06d000 	C:\WINDOWS\System32\msvcp_win.dll
0x00007ffa9e240000 - 0x00007ffa9e270000 	C:\WINDOWS\System32\IMM32.DLL
0x00007ffa85330000 - 0x00007ffa85342000 	C:\Users\bitcamp\.conda\envs\venv\DLLs\_asyncio.pyd
0x00007ffa85320000 - 0x00007ffa8532d000 	C:\Users\bitcamp\.conda\envs\venv\DLLs\_overlapped.pyd
0x00007ffa9cf30000 - 0x00007ffa9cf9a000 	C:\WINDOWS\system32\mswsock.dll
0x00007ffa85310000 - 0x00007ffa85319000 	C:\Users\bitcamp\.conda\envs\venv\DLLs\_queue.pyd
0x00007ffa84ff0000 - 0x00007ffa84ffd000 	C:\Users\bitcamp\.conda\envs\venv\DLLs\_hashlib.pyd
0x00007ffa7fd00000 - 0x00007ffa7fd20000 	C:\Users\bitcamp\.conda\envs\venv\DLLs\_ctypes.pyd
0x00007ffa9fce0000 - 0x00007ffa9fe0a000 	C:\WINDOWS\System32\ole32.dll
0x00007ffa7f4c0000 - 0x00007ffa7f4cb000 	C:\Users\bitcamp\.conda\envs\venv\DLLs\libffi-7.dll
0x00007ffa9e270000 - 0x00007ffa9e5c5000 	C:\WINDOWS\System32\combase.dll
0x00007ffa9f350000 - 0x00007ffa9f41d000 	C:\WINDOWS\System32\OLEAUT32.dll
0x00007ffa7d170000 - 0x00007ffa7d1b3000 	C:\Users\bitcamp\.conda\envs\venv\DLLs\_decimal.pyd
0x00007ffa6f320000 - 0x00007ffa6f42e000 	C:\Users\bitcamp\.conda\envs\venv\DLLs\unicodedata.pyd
0x00007ffa38760000 - 0x00007ffa38830000 	C:\Users\bitcamp\.conda\envs\venv\lib\site-packages\brotli\_brotli.pyd
0x00007ffa7bb90000 - 0x00007ffa7bbc4000 	C:\Users\bitcamp\.conda\envs\venv\lib\site-packages\_cffi_backend.cp38-win_amd64.pyd
0x000000006f7c0000 - 0x0000000071448000 	C:\Users\bitcamp\AppData\Roaming\Python\Python38\site-packages\numpy\.libs\libopenblas.PYQHXLVVQ7VESDPUVUADXEVJOBGHJPAY.gfortran-win_amd64.dll
0x00007ffa35560000 - 0x00007ffa3583f000 	C:\Users\bitcamp\AppData\Roaming\Python\Python38\site-packages\numpy\core\_multiarray_umath.cp38-win_amd64.pyd
0x00007ffa7f490000 - 0x00007ffa7f4b2000 	C:\Users\bitcamp\AppData\Roaming\Python\Python38\site-packages\numpy\core\_multiarray_tests.cp38-win_amd64.pyd
0x00007ffa7d160000 - 0x00007ffa7d16c000 	C:\Users\bitcamp\AppData\Roaming\Python\Python38\site-packages\numpy\linalg\lapack_lite.cp38-win_amd64.pyd
0x00007ffa7a200000 - 0x00007ffa7a226000 	C:\Users\bitcamp\AppData\Roaming\Python\Python38\site-packages\numpy\linalg\_umath_linalg.cp38-win_amd64.pyd
0x00007ffa7a1e0000 - 0x00007ffa7a200000 	C:\Users\bitcamp\AppData\Roaming\Python\Python38\site-packages\numpy\fft\_pocketfft_internal.cp38-win_amd64.pyd
0x00007ffa39b90000 - 0x00007ffa39c22000 	C:\Users\bitcamp\AppData\Roaming\Python\Python38\site-packages\numpy\random\mtrand.cp38-win_amd64.pyd
0x00007ffa7a1b0000 - 0x00007ffa7a1dd000 	C:\Users\bitcamp\AppData\Roaming\Python\Python38\site-packages\numpy\random\_bit_generator.cp38-win_amd64.pyd
0x00007ffa7a030000 - 0x00007ffa7a062000 	C:\Users\bitcamp\AppData\Roaming\Python\Python38\site-packages\numpy\random\_common.cp38-win_amd64.pyd
0x00007ffa770a0000 - 0x00007ffa770f2000 	C:\Users\bitcamp\AppData\Roaming\Python\Python38\site-packages\numpy\random\_bounded_integers.cp38-win_amd64.pyd
0x00007ffa7a190000 - 0x00007ffa7a1ae000 	C:\Users\bitcamp\AppData\Roaming\Python\Python38\site-packages\numpy\random\_mt19937.cp38-win_amd64.pyd
0x00007ffa7a010000 - 0x00007ffa7a028000 	C:\Users\bitcamp\AppData\Roaming\Python\Python38\site-packages\numpy\random\_philox.cp38-win_amd64.pyd
0x00007ffa77a60000 - 0x00007ffa77a76000 	C:\Users\bitcamp\AppData\Roaming\Python\Python38\site-packages\numpy\random\_pcg64.cp38-win_amd64.pyd
0x00007ffa77180000 - 0x00007ffa77193000 	C:\Users\bitcamp\AppData\Roaming\Python\Python38\site-packages\numpy\random\_sfc64.cp38-win_amd64.pyd
0x00007ffa335b0000 - 0x00007ffa33658000 	C:\Users\bitcamp\AppData\Roaming\Python\Python38\site-packages\numpy\random\_generator.cp38-win_amd64.pyd
0x00007ffa334a0000 - 0x00007ffa335ac000 	C:\Users\bitcamp\.conda\envs\venv\lib\site-packages\pandas\_libs\interval.cp38-win_amd64.pyd
0x00007ffa333a0000 - 0x00007ffa33498000 	C:\Users\bitcamp\.conda\envs\venv\lib\site-packages\pandas\_libs\hashtable.cp38-win_amd64.pyd
0x00007ffa71010000 - 0x00007ffa7103b000 	C:\Users\bitcamp\.conda\envs\venv\lib\site-packages\pandas\_libs\missing.cp38-win_amd64.pyd
0x00007ffa77160000 - 0x00007ffa7717e000 	C:\Users\bitcamp\.conda\envs\venv\lib\site-packages\pandas\_libs\tslibs\dtypes.cp38-win_amd64.pyd
0x00007ffa6f2e0000 - 0x00007ffa6f31c000 	C:\Users\bitcamp\.conda\envs\venv\lib\site-packages\pandas\_libs\tslibs\conversion.cp38-win_amd64.pyd
0x00007ffa7bb70000 - 0x00007ffa7bb7f000 	C:\Users\bitcamp\.conda\envs\venv\lib\site-packages\pandas\_libs\tslibs\base.cp38-win_amd64.pyd
0x00007ffa6d490000 - 0x00007ffa6d4c2000 	C:\Users\bitcamp\.conda\envs\venv\lib\site-packages\pandas\_libs\tslibs\nattype.cp38-win_amd64.pyd
0x00007ffa7a000000 - 0x00007ffa7a00f000 	C:\Users\bitcamp\.conda\envs\venv\lib\site-packages\pandas\_libs\tslibs\np_datetime.cp38-win_amd64.pyd
0x00007ffa6d450000 - 0x00007ffa6d484000 	C:\Users\bitcamp\.conda\envs\venv\lib\site-packages\pandas\_libs\tslibs\timezones.cp38-win_amd64.pyd
0x00007ffa6d110000 - 0x00007ffa6d14c000 	C:\Users\bitcamp\.conda\envs\venv\lib\site-packages\pandas\_libs\tslibs\tzconversion.cp38-win_amd64.pyd
0x00007ffa74080000 - 0x00007ffa74092000 	C:\Users\bitcamp\.conda\envs\venv\lib\site-packages\pandas\_libs\tslibs\ccalendar.cp38-win_amd64.pyd
0x00007ffa6cd20000 - 0x00007ffa6cd71000 	C:\Users\bitcamp\.conda\envs\venv\lib\site-packages\pandas\_libs\tslibs\parsing.cp38-win_amd64.pyd
0x00007ffa332d0000 - 0x00007ffa33398000 	C:\Users\bitcamp\.conda\envs\venv\lib\site-packages\pandas\_libs\tslibs\offsets.cp38-win_amd64.pyd
0x00007ffa59120000 - 0x00007ffa5917d000 	C:\Users\bitcamp\.conda\envs\venv\lib\site-packages\pandas\_libs\tslibs\timedeltas.cp38-win_amd64.pyd
0x00007ffa35500000 - 0x00007ffa35560000 	C:\Users\bitcamp\.conda\envs\venv\lib\site-packages\pandas\_libs\tslibs\timestamps.cp38-win_amd64.pyd
0x00007ffa6cde0000 - 0x00007ffa6ce18000 	C:\Users\bitcamp\.conda\envs\venv\lib\site-packages\pandas\_libs\tslibs\fields.cp38-win_amd64.pyd
0x00007ffa66dd0000 - 0x00007ffa66e1e000 	C:\Users\bitcamp\.conda\envs\venv\lib\site-packages\pandas\_libs\tslibs\strptime.cp38-win_amd64.pyd
0x00007ffa70ff0000 - 0x00007ffa71003000 	C:\Users\bitcamp\.conda\envs\venv\lib\site-packages\pandas\_libs\properties.cp38-win_amd64.pyd
0x00007ffa33270000 - 0x00007ffa332cb000 	C:\Users\bitcamp\.conda\envs\venv\lib\site-packages\pandas\_libs\tslibs\period.cp38-win_amd64.pyd
0x00007ffa67e60000 - 0x00007ffa67e94000 	C:\Users\bitcamp\.conda\envs\venv\lib\site-packages\pandas\_libs\tslibs\vectorized.cp38-win_amd64.pyd
0x00007ffa6f510000 - 0x00007ffa6f522000 	C:\Users\bitcamp\.conda\envs\venv\lib\site-packages\pandas\_libs\ops_dispatch.cp38-win_amd64.pyd
0x00007ffa33130000 - 0x00007ffa33266000 	C:\Users\bitcamp\.conda\envs\venv\lib\site-packages\pandas\_libs\algos.cp38-win_amd64.pyd
0x00007ffa330b0000 - 0x00007ffa33122000 	C:\Users\bitcamp\.conda\envs\venv\lib\site-packages\pandas\_libs\lib.cp38-win_amd64.pyd
0x00007ffa6f2b0000 - 0x00007ffa6f2d6000 	C:\Users\bitcamp\.conda\envs\venv\lib\site-packages\pandas\_libs\tslib.cp38-win_amd64.pyd
0x00007ffa677c0000 - 0x00007ffa677eb000 	C:\Users\bitcamp\.conda\envs\venv\lib\site-packages\pandas\_libs\hashing.cp38-win_amd64.pyd
0x00007ffa67180000 - 0x00007ffa671b2000 	C:\Users\bitcamp\.conda\envs\venv\lib\site-packages\pandas\_libs\ops.cp38-win_amd64.pyd
0x00007ffa6a350000 - 0x00007ffa6a369000 	C:\Users\bitcamp\.conda\envs\venv\lib\site-packages\bottleneck\reduce.cp38-win_amd64.pyd
0x00007ffa78090000 - 0x00007ffa7809a000 	C:\Users\bitcamp\.conda\envs\venv\lib\site-packages\bottleneck\nonreduce.cp38-win_amd64.pyd
0x00007ffa76e20000 - 0x00007ffa76e2f000 	C:\Users\bitcamp\.conda\envs\venv\lib\site-packages\bottleneck\nonreduce_axis.cp38-win_amd64.pyd
0x00007ffa688c0000 - 0x00007ffa688d9000 	C:\Users\bitcamp\.conda\envs\venv\lib\site-packages\bottleneck\move.cp38-win_amd64.pyd
0x00007ffa33030000 - 0x00007ffa330a4000 	C:\Users\bitcamp\.conda\envs\venv\lib\site-packages\pandas\_libs\index.cp38-win_amd64.pyd
0x00007ffa32e50000 - 0x00007ffa33027000 	C:\Users\bitcamp\.conda\envs\venv\lib\site-packages\pandas\_libs\join.cp38-win_amd64.pyd
0x00007ffa32d80000 - 0x00007ffa32e48000 	C:\Users\bitcamp\.conda\envs\venv\lib\site-packages\pandas\_libs\sparse.cp38-win_amd64.pyd
0x00007ffa38710000 - 0x00007ffa38753000 	C:\Users\bitcamp\.conda\envs\venv\lib\site-packages\pandas\_libs\reduction.cp38-win_amd64.pyd
0x00007ffa76990000 - 0x00007ffa769a0000 	C:\Users\bitcamp\.conda\envs\venv\lib\site-packages\pandas\_libs\indexing.cp38-win_amd64.pyd
0x00007ffa354c0000 - 0x00007ffa354f8000 	C:\Users\bitcamp\.conda\envs\venv\lib\site-packages\pandas\_libs\internals.cp38-win_amd64.pyd
0x00007ffa32d40000 - 0x00007ffa32d71000 	C:\Users\bitcamp\.conda\envs\venv\lib\site-packages\pandas\_libs\writers.cp38-win_amd64.pyd
0x00007ffa32cf0000 - 0x00007ffa32d3f000 	C:\Users\bitcamp\.conda\envs\venv\lib\site-packages\pandas\_libs\window\aggregations.cp38-win_amd64.pyd
0x00007ffa87900000 - 0x00007ffa8798d000 	C:\WINDOWS\SYSTEM32\MSVCP140.dll
0x00007ffa87ca0000 - 0x00007ffa87cac000 	C:\WINDOWS\SYSTEM32\VCRUNTIME140_1.dll
0x00007ffa67210000 - 0x00007ffa67239000 	C:\Users\bitcamp\.conda\envs\venv\lib\site-packages\pandas\_libs\window\indexers.cp38-win_amd64.pyd
0x00007ffa32cb0000 - 0x00007ffa32cec000 	C:\Users\bitcamp\.conda\envs\venv\lib\site-packages\pandas\_libs\reshape.cp38-win_amd64.pyd
0x00007ffa32bd0000 - 0x00007ffa32caf000 	C:\Users\bitcamp\.conda\envs\venv\lib\site-packages\pandas\_libs\groupby.cp38-win_amd64.pyd
0x00007ffa32b60000 - 0x00007ffa32bc5000 	C:\Users\bitcamp\.conda\envs\venv\lib\site-packages\pandas\_libs\parsers.cp38-win_amd64.pyd
0x00007ffa67d20000 - 0x00007ffa67d35000 	C:\Users\bitcamp\.conda\envs\venv\lib\site-packages\pandas\_libs\json.cp38-win_amd64.pyd
0x00007ffa67020000 - 0x00007ffa67036000 	C:\Users\bitcamp\.conda\envs\venv\lib\site-packages\pandas\_libs\testing.cp38-win_amd64.pyd
0x00007ffa75c80000 - 0x00007ffa75c8a000 	C:\Users\bitcamp\.conda\envs\venv\lib\site-packages\sklearn\__check_build\_check_build.cp38-win_amd64.pyd
0x0000000000990000 - 0x00000000009b8000 	C:\Users\bitcamp\AppData\Roaming\Python\Python38\site-packages\scipy\.libs\libansari.R6EA3HQP5KZ6TAXU4Y4ZVTRPT7UVA53Z.gfortran-win_amd64.dll
0x000000006af00000 - 0x000000006afa6000 	C:\Users\bitcamp\AppData\Roaming\Python\Python38\site-packages\scipy\.libs\libbanded5x.ZCD4YVWE76FRGRP64SGAP7BX4MU5BEFM.gfortran-win_amd64.dll
0x00000000009c0000 - 0x0000000000b7f000 	C:\Users\bitcamp\AppData\Roaming\Python\Python38\site-packages\scipy\.libs\libbispeu.7AH3PCQ2E2NGLC3AQD7FFAH73KGJTZCJ.gfortran-win_amd64.dll
0x0000000064840000 - 0x00000000648e3000 	C:\Users\bitcamp\AppData\Roaming\Python\Python38\site-packages\scipy\.libs\libblkdta00.5USURWRMG6FPFEKUZDHXY7U7LNUM2WK6.gfortran-win_amd64.dll
0x000000006dc40000 - 0x000000006dc8a000 	C:\Users\bitcamp\AppData\Roaming\Python\Python38\site-packages\scipy\.libs\libchkder.G7WSOGIYYQO3UWFVEZ3PPXCXR53ADVPA.gfortran-win_amd64.dll
0x0000000066f80000 - 0x0000000067021000 	C:\Users\bitcamp\AppData\Roaming\Python\Python38\site-packages\scipy\.libs\libcobyla2.25EVUSEBAW7VKISARB7LO3UGZPN2HXE3.gfortran-win_amd64.dll
0x0000000063400000 - 0x0000000063418000 	C:\Users\bitcamp\AppData\Roaming\Python\Python38\site-packages\scipy\.libs\libdcsrch.I2AOPDCXAPDRFNPWY55H5UE7XZSU5CVN.gfortran-win_amd64.dll
0x0000000062880000 - 0x000000006289e000 	C:\Users\bitcamp\AppData\Roaming\Python\Python38\site-packages\scipy\.libs\libdet.F6RQ4OV2DGIJ2MARDTCBP35QSS4MLVQE.gfortran-win_amd64.dll
0x0000000000b80000 - 0x0000000000cdf000 	C:\Users\bitcamp\AppData\Roaming\Python\Python38\site-packages\scipy\.libs\libdfft_sub.U5C2BGSVP4A24TBEJAO6QCQJ2B6LPVGU.gfortran-win_amd64.dll
0x0000000066340000 - 0x00000000664ff000 	C:\Users\bitcamp\AppData\Roaming\Python\Python38\site-packages\scipy\.libs\libdfitpack.F5IA373IXQXRMNVIGRAXL6SPJ4PKDPUB.gfortran-win_amd64.dll
0x0000000068480000 - 0x00000000686ea000 	C:\Users\bitcamp\AppData\Roaming\Python\Python38\site-packages\scipy\.libs\libdgamln.UIFGIOJQL54NTBYWYZ56OJCM4CZSNWEI.gfortran-win_amd64.dll
0x0000000066600000 - 0x0000000066699000 	C:\Users\bitcamp\AppData\Roaming\Python\Python38\site-packages\scipy\.libs\libdop853.6TJTQZW3I3Q3QIDQHEOBEZKJ3NYRXI4B.gfortran-win_amd64.dll
0x000000006f5c0000 - 0x000000006f683000 	C:\Users\bitcamp\AppData\Roaming\Python\Python38\site-packages\scipy\.libs\libdqag.DX5EAYYNPFO66EWHYQS3FJBH7SZRQOKL.gfortran-win_amd64.dll
0x0000000000ce0000 - 0x0000000000dfe000 	C:\Users\bitcamp\AppData\Roaming\Python\Python38\site-packages\scipy\.libs\libd_odr.HY35LCTJLWN56VS6T57IRQDDWOT6C433.gfortran-win_amd64.dll
0x000000006b300000 - 0x000000006b35b000 	C:\Users\bitcamp\AppData\Roaming\Python\Python38\site-packages\scipy\.libs\libgetbreak.A43LEPYTRXGJCAFEE2XXOUDQX2I7BT74.gfortran-win_amd64.dll
0x0000000064100000 - 0x00000000641ac000 	C:\Users\bitcamp\AppData\Roaming\Python\Python38\site-packages\scipy\.libs\liblbfgsb.754DFFB6OF2BEPR5ANJHBKOOGAKJT2PV.gfortran-win_amd64.dll
0x000000006c040000 - 0x000000006c167000 	C:\Users\bitcamp\AppData\Roaming\Python\Python38\site-packages\scipy\.libs\libmvndst.IUWFZM2WSUQ3UTGQHFQ26ATH2A2TIUVI.gfortran-win_amd64.dll

dbghelp: loaded successfully - version: 4.0.5 - missing functions: none
symbol engine: initialized successfully - sym options: 0x614 - pdb path: .;C:\Users\bitcamp\.conda\envs\venv;C:\WINDOWS\SYSTEM32;C:\Users\bitcamp\.conda\envs\venv\DLLs;C:\Users\bitcamp\.conda\envs\venv\Library\bin;C:\Users\bitcamp\.conda\envs\venv\lib\site-packages\brotli;C:\Users\bitcamp\.conda\envs\venv\lib\site-packages;C:\Users\bitcamp\AppData\Roaming\Python\Python38\site-packages\numpy\.libs;C:\Users\bitcamp\AppData\Roaming\Python\Python38\site-packages\numpy\core;C:\Users\bitcamp\AppData\Roaming\Python\Python38\site-packages\numpy\linalg;C:\Users\bitcamp\AppData\Roaming\Python\Python38\site-packages\numpy\fft;C:\Users\bitcamp\AppData\Roaming\Python\Python38\site-packages\numpy\random;C:\Users\bitcamp\.conda\envs\venv\lib\site-packages\pandas\_libs;C:\Users\bitcamp\.conda\envs\venv\lib\site-packages\pandas\_libs\tslibs;C:\Users\bitcamp\.conda\envs\venv\lib\site-packages\bottleneck;C:\Users\bitcamp\.conda\envs\venv\lib\site-packages\pandas\_libs\window;C:\Users\bitcamp\.conda\envs\venv\lib\site-packages\sklearn\__check_build;C:\Users\bitcamp\AppData\Roaming\Python\Python38\site-packages\scipy\.libs;C:\Users\bitcamp\AppData\Roaming\Python\Python38\site-packages\scipy\_lib;C:\Users\bitcamp\AppData\Roaming\Python\Python38\site-packages\scipy\_lib\_uarray;C:\Users\bitcamp\AppData\Roaming\Python\Python38\site-packages\scipy\fft\_pocketfft;C:\Users\bitcamp\AppData\Roaming\Python\Python38\site-packages\scipy\sparse;C:\Users\bitcamp\AppData\Roaming\Python\Python38\site-packages\scipy\sparse\csgraph;C:\Users\bitcamp\.conda\envs\venv\lib\site-packages\sklearn\utils;C:\Users\bitcamp\.conda\envs\venv\lib\site-packages\psutil;C:\Users\bitcamp\AppData\Roaming\Python\Python38\site-packages\scipy\spatial;C:\Users\bitcamp\AppData\Roaming\Python\Python38\site-packages\scipy\linalg;C:\Users\bitcamp\AppData\Roaming\Python\Python38\site-packages\scipy\special;C:\Users\bitcamp\AppData\Roaming\Python\Python38\site-packages\scipy\ndimage;C:\Users\bitcamp\AppData\Roaming\Python\Python38\site-packages\scipy\optimize;C:\Users\bitcamp\AppData\Roaming\Python\Python38\site-packages\scipy\optimize\_trlib;C:\Users\bitcamp\AppData\Roaming\Python\Python38\site-packages\scipy\sparse\linalg\isolve;C:\Users\bitcamp\AppData\Roaming\Python\Python38\site-packages\scipy\sparse\linalg\dsolve;C:\Users\bitcamp\AppData\Roaming\Python\Python38\site-packages\scipy\sparse\linalg\eigen\arpack;C:\Users\bitcamp\AppData\Roaming\Python\Python38\site-packages\scipy\optimize\_lsq;C:\Users\bitcamp\AppData\Roaming\Python\Python38\site-packages\scipy\integrate;C:\Users\bitcamp\AppData\Roaming\Python\Python38\site-packages\scipy\interpolate;C:\Users\bitcamp\AppData\Roaming\Python\Python38\site-packages\scipy\stats;C:\Users\bitcamp\.conda\envs\venv\lib\site-packages\win32;c:\Program Files\HP\HP ProtectTools Security Manager\Bin;C:\Users\bitcamp\.conda\envs\venv\lib\site-packages\sklearn\preprocessing;C:\Users\bitcamp\.conda\envs\venv\lib\site-packages\sklearn\metrics\cluster;C:\Users\bitcamp\.conda\envs\venv\lib\site-packages\sklearn\metrics;C:\Users\bitcamp\.conda\envs\venv\lib\site-packages\matplotlib;C:\Users\bitcamp\.conda\envs\venv\lib\site-packages\PIL;C:\Users\bitcamp\.conda\envs\venv\lib\site-packages\matplotlib\backends;C:\Users\bitcamp\.conda\envs\venv\lib\site-packages\PyQt5;C:\Users\bitcamp\.conda\envs\venv\lib\site-packages\markupsafe;C:\Users\bitcamp\.conda\envs\venv\lib\site-packages\lxml;C:\WINDOWS\WinSxS\amd64_microsoft.windows.common-controls_6595b64144ccf1df_6.0.19041.1110_none_60b5254171f9507e;C:\Users\bitcamp\.conda\envs\venv\lib\site-packages\regex;C:\Users\bitcamp\.conda\envs\venv\lib\site-packages\sklearn\feature_extraction;C:\Users\bitcamp\.conda\envs\venv\lib\site-packages\sklearn\datasets;C:\Users\bitcamp\AppData\Roaming\Python\Python38\site-packages\scipy\io\matlab;C:\Users\bitcamp\.conda\envs\venv\lib\site-packages\sklearn\svm;C:\Users\bitcamp\.conda\envs\venv\lib\site-packages\sklearn\linear_model;C:\Users\bitcamp\.conda\envs\venv\lib\site-packages\MySQLdb;C:\Users\bitcamp\.conda\envs\venv\lib\site-packages\psycopg2;C:\Users\bitcamp\.conda\envs\venv\lib\site-packages\yaml;C:\Users\bitcamp\.conda\envs\venv\tcl\reg1.3;C:\Windows\System32\IME\IMEKR;C:\Windows\System32\IME\shared;C:\Program Files\Java\jdk-11\bin\server;C:\Program Files\Java\jdk-11\bin

VM Arguments:
jvm_args: -Dfile.encoding=UTF8 -ea -Xmx1024m 
java_command: <unknown>
java_class_path (initial): C:\Users\bitcamp\AppData\Roaming\Python\Python38\site-packages\konlpy\java;C:\Users\bitcamp\AppData\Roaming\Python\Python38\site-packages\konlpy\java\bin;C:\Users\bitcamp\AppData\Roaming\Python\Python38\site-packages\konlpy\java\*;C:\Users\bitcamp\AppData\Roaming\Python\Python38\site-packages\konlpy\java\jhannanum-0.8.4.jar;C:\Users\bitcamp\AppData\Roaming\Python\Python38\site-packages\konlpy\java\kkma-2.0.jar;C:\Users\bitcamp\AppData\Roaming\Python\Python38\site-packages\konlpy\java\aho-corasick.jar;C:\Users\bitcamp\AppData\Roaming\Python\Python38\site-packages\konlpy\java\shineware-common-1.0.jar;C:\Users\bitcamp\AppData\Roaming\Python\Python38\site-packages\konlpy\java\shineware-ds-1.0.jar;C:\Users\bitcamp\AppData\Roaming\Python\Python38\site-packages\konlpy\java\komoran-3.0.jar;C:\Users\bitcamp\AppData\Roaming\Python\Python38\site-packages\konlpy\java\snakeyaml-1.12.jar;C:\Users\bitcamp\AppData\Roaming\Python\Python38\site-packages\konlpy\java\scala-library-2.12.3.jar;C:\Users\bitcamp\AppData\Roaming\Python\Python38\site-packages\konlpy\java\open-korean-text-2.1.0.jar;C:\Users\bitcamp\AppData\Roaming\Python\Python38\site-packages\konlpy\java\twitter-text-1.14.7.jar;C:\Users\bitcamp\AppData\Roaming\Python\Python38\site-packages\konlpy\java\*
Launcher Type: generic

[Global flags]
     intx CICompilerCount                          = 4                                         {product} {ergonomic}
     uint ConcGCThreads                            = 2                                         {product} {ergonomic}
     uint G1ConcRefinementThreads                  = 8                                         {product} {ergonomic}
   size_t G1HeapRegionSize                         = 1048576                                   {product} {ergonomic}
    uintx GCDrainStackTargetSize                   = 64                                        {product} {ergonomic}
   size_t InitialHeapSize                          = 266338304                                 {product} {ergonomic}
   size_t MarkStackSize                            = 4194304                                   {product} {ergonomic}
   size_t MaxHeapSize                              = 1073741824                                {product} {command line}
   size_t MaxNewSize                               = 643825664                                 {product} {ergonomic}
   size_t MinHeapDeltaBytes                        = 1048576                                   {product} {ergonomic}
    uintx NonNMethodCodeHeapSize                   = 5835340                                {pd product} {ergonomic}
    uintx NonProfiledCodeHeapSize                  = 122911450                              {pd product} {ergonomic}
    uintx ProfiledCodeHeapSize                     = 122911450                              {pd product} {ergonomic}
    uintx ReservedCodeCacheSize                    = 251658240                              {pd product} {ergonomic}
     bool SegmentedCodeCache                       = true                                      {product} {ergonomic}
     bool UseCompressedClassPointers               = true                                 {lp64_product} {ergonomic}
     bool UseCompressedOops                        = true                                 {lp64_product} {ergonomic}
     bool UseG1GC                                  = true                                      {product} {ergonomic}
     bool UseLargePagesIndividualAllocation        = false                                  {pd product} {ergonomic}

Logging:
Log output configuration:
 #0: stdout all=warning uptime,level,tags
 #1: stderr all=off uptime,level,tags

Environment Variables:
JAVA_HOME=C:\Program Files\Java\jdk-11
PATH=C:\Users\bitcamp\.conda\envs\venv;C:\Users\bitcamp\.conda\envs\venv\Library\mingw-w64\bin;C:\Users\bitcamp\.conda\envs\venv\Library\usr\bin;C:\Users\bitcamp\.conda\envs\venv\Library\bin;C:\Users\bitcamp\.conda\envs\venv\Scripts;C:\Users\bitcamp\.conda\envs\venv\bin;C:\ProgramData\Anaconda3\condabin;C:\WINDOWS\system32;C:\WINDOWS;C:\WINDOWS\System32\Wbem;C:\WINDOWS\System32\WindowsPowerShell\v1.0;C:\WINDOWS\System32\OpenSSH;C:\Program Files\Java\jdk-11\bin;C:\Program Files\Git\cmd;C:\Program Files\MongoDB\Server\5.0\bin;C:\Program Files\nodejs;C:\Program Files\nodejs;C:\ProgramData\Anaconda3;C:\ProgramData\Anaconda3\Scripts;C:\ProgramData\Anaconda3\Library\bin;C:\ProgramData\Anaconda3\Library\mingw-w64\bin;.;C:\Program Files\Docker\Docker\resources\bin;C:\ProgramData\DockerDesktop\version-bin;C:\Users\bitcamp\AppData\Local\Microsoft\WindowsApps;C:\Users\bitcamp\AppData\Local\Programs\Microsoft VS Code\bin;C:\Program Files\JetBrains\IntelliJ IDEA 2021.1.3\bin;.;C:\Program Files\JetBrains\PyCharm 2021.1.3\bin;.;C:\Users\bitcamp\AppData\Roaming\npm;C:\Users\bitcamp\AppData\Roaming\Python\Python38\site-packages\scipy\.libs;C:\Users\bitcamp\AppData\Roaming\Python\Python38\site-packages\scipy\.libs
USERNAME=bitcamp
OS=Windows_NT
PROCESSOR_IDENTIFIER=Intel64 Family 6 Model 158 Stepping 13, GenuineIntel



---------------  S Y S T E M  ---------------

OS: Windows 10 , 64 bit Build 19041 (10.0.19041.1202)

CPU:total 8 (initial active 8) (8 cores per cpu, 1 threads per core) family 6 model 158 stepping 13, cmov, cx8, fxsr, mmx, sse, sse2, sse3, ssse3, sse4.1, sse4.2, popcnt, avx, avx2, aes, clmul, erms, 3dnowpref, lzcnt, tsc, tscinvbit, bmi1, bmi2, adx, fma

Memory: 4k page, system-wide physical 16222M (4998M free)
TotalPageFile size 20190M (AvailPageFile size 7135M)
current process WorkingSet (physical memory assigned to process): 323M, peak: 323M
current process commit charge ("private bytes"): 886M, peak: 986M

vm_info: OpenJDK 64-Bit Server VM (11+28) for windows-amd64 JRE (11+28), built on Aug 23 2018 03:04:58 by "mach5one" with MS VC++ 15.5 (VS2017)

END.
